[2026-02-27T12:42:23.757+0000] {processor.py:186} INFO - Started process (PID=216) to work on /opt/airflow/dags/lakehouse_dag.py
[2026-02-27T12:42:23.758+0000] {processor.py:914} INFO - Processing file /opt/airflow/dags/lakehouse_dag.py for tasks to queue
[2026-02-27T12:42:23.760+0000] {logging_mixin.py:190} INFO - [2026-02-27T12:42:23.760+0000] {dagbag.py:588} INFO - Filling up the DagBag from /opt/airflow/dags/lakehouse_dag.py
[2026-02-27T12:42:23.792+0000] {processor.py:925} INFO - DAG(s) 'lakehouse_daily_pipeline' retrieved from /opt/airflow/dags/lakehouse_dag.py
[2026-02-27T12:42:24.001+0000] {logging_mixin.py:190} INFO - [2026-02-27T12:42:24.000+0000] {override.py:1911} INFO - Created Permission View: can edit on DAG:lakehouse_daily_pipeline
[2026-02-27T12:42:24.012+0000] {logging_mixin.py:190} INFO - [2026-02-27T12:42:24.011+0000] {override.py:1911} INFO - Created Permission View: can delete on DAG:lakehouse_daily_pipeline
[2026-02-27T12:42:24.019+0000] {logging_mixin.py:190} INFO - [2026-02-27T12:42:24.019+0000] {override.py:1911} INFO - Created Permission View: can read on DAG:lakehouse_daily_pipeline
[2026-02-27T12:42:24.028+0000] {logging_mixin.py:190} INFO - [2026-02-27T12:42:24.028+0000] {override.py:1911} INFO - Created Permission View: can create on DAG Run:lakehouse_daily_pipeline
[2026-02-27T12:42:24.039+0000] {logging_mixin.py:190} INFO - [2026-02-27T12:42:24.039+0000] {override.py:1911} INFO - Created Permission View: can delete on DAG Run:lakehouse_daily_pipeline
[2026-02-27T12:42:24.047+0000] {logging_mixin.py:190} INFO - [2026-02-27T12:42:24.047+0000] {override.py:1911} INFO - Created Permission View: menu access on DAG Run:lakehouse_daily_pipeline
[2026-02-27T12:42:24.054+0000] {logging_mixin.py:190} INFO - [2026-02-27T12:42:24.054+0000] {override.py:1911} INFO - Created Permission View: can read on DAG Run:lakehouse_daily_pipeline
[2026-02-27T12:42:24.055+0000] {logging_mixin.py:190} INFO - [2026-02-27T12:42:24.054+0000] {dag.py:3239} INFO - Sync 1 DAGs
[2026-02-27T12:42:24.066+0000] {logging_mixin.py:190} INFO - [2026-02-27T12:42:24.066+0000] {dag.py:3262} INFO - Creating ORM DAG for lakehouse_daily_pipeline
[2026-02-27T12:42:24.076+0000] {logging_mixin.py:190} INFO - [2026-02-27T12:42:24.076+0000] {dag.py:4180} INFO - Setting next_dagrun for lakehouse_daily_pipeline to 2026-02-26 00:00:00+00:00, run_after=2026-02-27 00:00:00+00:00
[2026-02-27T12:42:24.096+0000] {processor.py:208} INFO - Processing /opt/airflow/dags/lakehouse_dag.py took 0.345 seconds
[2026-02-27T12:42:54.778+0000] {processor.py:186} INFO - Started process (PID=221) to work on /opt/airflow/dags/lakehouse_dag.py
[2026-02-27T12:42:54.779+0000] {processor.py:914} INFO - Processing file /opt/airflow/dags/lakehouse_dag.py for tasks to queue
[2026-02-27T12:42:54.782+0000] {logging_mixin.py:190} INFO - [2026-02-27T12:42:54.781+0000] {dagbag.py:588} INFO - Filling up the DagBag from /opt/airflow/dags/lakehouse_dag.py
[2026-02-27T12:42:54.799+0000] {processor.py:925} INFO - DAG(s) 'lakehouse_daily_pipeline' retrieved from /opt/airflow/dags/lakehouse_dag.py
[2026-02-27T12:42:54.823+0000] {logging_mixin.py:190} INFO - [2026-02-27T12:42:54.822+0000] {dag.py:3239} INFO - Sync 1 DAGs
[2026-02-27T12:42:54.851+0000] {logging_mixin.py:190} INFO - [2026-02-27T12:42:54.850+0000] {dag.py:4180} INFO - Setting next_dagrun for lakehouse_daily_pipeline to 2026-02-26 00:00:00+00:00, run_after=2026-02-27 00:00:00+00:00
[2026-02-27T12:42:54.881+0000] {processor.py:208} INFO - Processing /opt/airflow/dags/lakehouse_dag.py took 0.109 seconds
[2026-02-27T12:43:25.773+0000] {processor.py:186} INFO - Started process (PID=226) to work on /opt/airflow/dags/lakehouse_dag.py
[2026-02-27T12:43:25.774+0000] {processor.py:914} INFO - Processing file /opt/airflow/dags/lakehouse_dag.py for tasks to queue
[2026-02-27T12:43:25.777+0000] {logging_mixin.py:190} INFO - [2026-02-27T12:43:25.776+0000] {dagbag.py:588} INFO - Filling up the DagBag from /opt/airflow/dags/lakehouse_dag.py
[2026-02-27T12:43:25.795+0000] {processor.py:925} INFO - DAG(s) 'lakehouse_daily_pipeline' retrieved from /opt/airflow/dags/lakehouse_dag.py
[2026-02-27T12:43:25.821+0000] {logging_mixin.py:190} INFO - [2026-02-27T12:43:25.821+0000] {dag.py:3239} INFO - Sync 1 DAGs
[2026-02-27T12:43:25.846+0000] {logging_mixin.py:190} INFO - [2026-02-27T12:43:25.846+0000] {dag.py:4180} INFO - Setting next_dagrun for lakehouse_daily_pipeline to 2026-02-26 00:00:00+00:00, run_after=2026-02-27 00:00:00+00:00
[2026-02-27T12:43:25.868+0000] {processor.py:208} INFO - Processing /opt/airflow/dags/lakehouse_dag.py took 0.102 seconds
[2026-02-27T12:43:55.931+0000] {processor.py:186} INFO - Started process (PID=231) to work on /opt/airflow/dags/lakehouse_dag.py
[2026-02-27T12:43:55.932+0000] {processor.py:914} INFO - Processing file /opt/airflow/dags/lakehouse_dag.py for tasks to queue
[2026-02-27T12:43:55.935+0000] {logging_mixin.py:190} INFO - [2026-02-27T12:43:55.935+0000] {dagbag.py:588} INFO - Filling up the DagBag from /opt/airflow/dags/lakehouse_dag.py
[2026-02-27T12:43:55.955+0000] {processor.py:925} INFO - DAG(s) 'lakehouse_daily_pipeline' retrieved from /opt/airflow/dags/lakehouse_dag.py
[2026-02-27T12:43:55.982+0000] {logging_mixin.py:190} INFO - [2026-02-27T12:43:55.982+0000] {dag.py:3239} INFO - Sync 1 DAGs
[2026-02-27T12:43:56.006+0000] {logging_mixin.py:190} INFO - [2026-02-27T12:43:56.006+0000] {dag.py:4180} INFO - Setting next_dagrun for lakehouse_daily_pipeline to 2026-02-26 00:00:00+00:00, run_after=2026-02-27 00:00:00+00:00
[2026-02-27T12:43:56.026+0000] {processor.py:208} INFO - Processing /opt/airflow/dags/lakehouse_dag.py took 0.103 seconds
[2026-02-27T12:44:26.072+0000] {processor.py:186} INFO - Started process (PID=236) to work on /opt/airflow/dags/lakehouse_dag.py
[2026-02-27T12:44:26.073+0000] {processor.py:914} INFO - Processing file /opt/airflow/dags/lakehouse_dag.py for tasks to queue
[2026-02-27T12:44:26.076+0000] {logging_mixin.py:190} INFO - [2026-02-27T12:44:26.076+0000] {dagbag.py:588} INFO - Filling up the DagBag from /opt/airflow/dags/lakehouse_dag.py
[2026-02-27T12:44:26.100+0000] {processor.py:925} INFO - DAG(s) 'lakehouse_daily_pipeline' retrieved from /opt/airflow/dags/lakehouse_dag.py
[2026-02-27T12:44:26.130+0000] {logging_mixin.py:190} INFO - [2026-02-27T12:44:26.129+0000] {dag.py:3239} INFO - Sync 1 DAGs
[2026-02-27T12:44:26.158+0000] {logging_mixin.py:190} INFO - [2026-02-27T12:44:26.158+0000] {dag.py:4180} INFO - Setting next_dagrun for lakehouse_daily_pipeline to 2026-02-26 00:00:00+00:00, run_after=2026-02-27 00:00:00+00:00
[2026-02-27T12:44:26.184+0000] {processor.py:208} INFO - Processing /opt/airflow/dags/lakehouse_dag.py took 0.119 seconds
[2026-02-27T12:44:56.236+0000] {processor.py:186} INFO - Started process (PID=241) to work on /opt/airflow/dags/lakehouse_dag.py
[2026-02-27T12:44:56.237+0000] {processor.py:914} INFO - Processing file /opt/airflow/dags/lakehouse_dag.py for tasks to queue
[2026-02-27T12:44:56.240+0000] {logging_mixin.py:190} INFO - [2026-02-27T12:44:56.240+0000] {dagbag.py:588} INFO - Filling up the DagBag from /opt/airflow/dags/lakehouse_dag.py
[2026-02-27T12:44:56.259+0000] {processor.py:925} INFO - DAG(s) 'lakehouse_daily_pipeline' retrieved from /opt/airflow/dags/lakehouse_dag.py
[2026-02-27T12:44:56.285+0000] {logging_mixin.py:190} INFO - [2026-02-27T12:44:56.285+0000] {dag.py:3239} INFO - Sync 1 DAGs
[2026-02-27T12:44:56.309+0000] {logging_mixin.py:190} INFO - [2026-02-27T12:44:56.309+0000] {dag.py:4180} INFO - Setting next_dagrun for lakehouse_daily_pipeline to 2026-02-26 00:00:00+00:00, run_after=2026-02-27 00:00:00+00:00
[2026-02-27T12:44:56.329+0000] {processor.py:208} INFO - Processing /opt/airflow/dags/lakehouse_dag.py took 0.101 seconds
[2026-02-27T12:45:26.384+0000] {processor.py:186} INFO - Started process (PID=246) to work on /opt/airflow/dags/lakehouse_dag.py
[2026-02-27T12:45:26.385+0000] {processor.py:914} INFO - Processing file /opt/airflow/dags/lakehouse_dag.py for tasks to queue
[2026-02-27T12:45:26.388+0000] {logging_mixin.py:190} INFO - [2026-02-27T12:45:26.387+0000] {dagbag.py:588} INFO - Filling up the DagBag from /opt/airflow/dags/lakehouse_dag.py
[2026-02-27T12:45:26.406+0000] {processor.py:925} INFO - DAG(s) 'lakehouse_daily_pipeline' retrieved from /opt/airflow/dags/lakehouse_dag.py
[2026-02-27T12:45:26.433+0000] {logging_mixin.py:190} INFO - [2026-02-27T12:45:26.433+0000] {dag.py:3239} INFO - Sync 1 DAGs
[2026-02-27T12:45:26.455+0000] {logging_mixin.py:190} INFO - [2026-02-27T12:45:26.455+0000] {dag.py:4180} INFO - Setting next_dagrun for lakehouse_daily_pipeline to 2026-02-26 00:00:00+00:00, run_after=2026-02-27 00:00:00+00:00
[2026-02-27T12:45:26.473+0000] {processor.py:208} INFO - Processing /opt/airflow/dags/lakehouse_dag.py took 0.096 seconds
[2026-02-27T12:45:56.546+0000] {processor.py:186} INFO - Started process (PID=251) to work on /opt/airflow/dags/lakehouse_dag.py
[2026-02-27T12:45:56.547+0000] {processor.py:914} INFO - Processing file /opt/airflow/dags/lakehouse_dag.py for tasks to queue
[2026-02-27T12:45:56.550+0000] {logging_mixin.py:190} INFO - [2026-02-27T12:45:56.549+0000] {dagbag.py:588} INFO - Filling up the DagBag from /opt/airflow/dags/lakehouse_dag.py
[2026-02-27T12:45:56.566+0000] {processor.py:925} INFO - DAG(s) 'lakehouse_daily_pipeline' retrieved from /opt/airflow/dags/lakehouse_dag.py
[2026-02-27T12:45:56.593+0000] {logging_mixin.py:190} INFO - [2026-02-27T12:45:56.593+0000] {dag.py:3239} INFO - Sync 1 DAGs
[2026-02-27T12:45:56.619+0000] {logging_mixin.py:190} INFO - [2026-02-27T12:45:56.619+0000] {dag.py:4180} INFO - Setting next_dagrun for lakehouse_daily_pipeline to 2026-02-26 00:00:00+00:00, run_after=2026-02-27 00:00:00+00:00
[2026-02-27T12:45:56.637+0000] {processor.py:208} INFO - Processing /opt/airflow/dags/lakehouse_dag.py took 0.099 seconds
[2026-02-27T12:46:26.725+0000] {processor.py:186} INFO - Started process (PID=256) to work on /opt/airflow/dags/lakehouse_dag.py
[2026-02-27T12:46:26.726+0000] {processor.py:914} INFO - Processing file /opt/airflow/dags/lakehouse_dag.py for tasks to queue
[2026-02-27T12:46:26.729+0000] {logging_mixin.py:190} INFO - [2026-02-27T12:46:26.729+0000] {dagbag.py:588} INFO - Filling up the DagBag from /opt/airflow/dags/lakehouse_dag.py
[2026-02-27T12:46:26.748+0000] {processor.py:925} INFO - DAG(s) 'lakehouse_daily_pipeline' retrieved from /opt/airflow/dags/lakehouse_dag.py
[2026-02-27T12:46:26.773+0000] {logging_mixin.py:190} INFO - [2026-02-27T12:46:26.773+0000] {dag.py:3239} INFO - Sync 1 DAGs
[2026-02-27T12:46:26.795+0000] {logging_mixin.py:190} INFO - [2026-02-27T12:46:26.795+0000] {dag.py:4180} INFO - Setting next_dagrun for lakehouse_daily_pipeline to 2026-02-26 00:00:00+00:00, run_after=2026-02-27 00:00:00+00:00
[2026-02-27T12:46:26.813+0000] {processor.py:208} INFO - Processing /opt/airflow/dags/lakehouse_dag.py took 0.096 seconds
[2026-02-27T12:46:57.775+0000] {processor.py:186} INFO - Started process (PID=261) to work on /opt/airflow/dags/lakehouse_dag.py
[2026-02-27T12:46:57.776+0000] {processor.py:914} INFO - Processing file /opt/airflow/dags/lakehouse_dag.py for tasks to queue
[2026-02-27T12:46:57.781+0000] {logging_mixin.py:190} INFO - [2026-02-27T12:46:57.781+0000] {dagbag.py:588} INFO - Filling up the DagBag from /opt/airflow/dags/lakehouse_dag.py
[2026-02-27T12:46:57.798+0000] {processor.py:925} INFO - DAG(s) 'lakehouse_daily_pipeline' retrieved from /opt/airflow/dags/lakehouse_dag.py
[2026-02-27T12:46:57.823+0000] {logging_mixin.py:190} INFO - [2026-02-27T12:46:57.822+0000] {dag.py:3239} INFO - Sync 1 DAGs
[2026-02-27T12:46:57.843+0000] {logging_mixin.py:190} INFO - [2026-02-27T12:46:57.843+0000] {dag.py:4180} INFO - Setting next_dagrun for lakehouse_daily_pipeline to 2026-02-26 00:00:00+00:00, run_after=2026-02-27 00:00:00+00:00
[2026-02-27T12:46:57.860+0000] {processor.py:208} INFO - Processing /opt/airflow/dags/lakehouse_dag.py took 0.092 seconds
[2026-02-27T12:47:27.913+0000] {processor.py:186} INFO - Started process (PID=266) to work on /opt/airflow/dags/lakehouse_dag.py
[2026-02-27T12:47:27.914+0000] {processor.py:914} INFO - Processing file /opt/airflow/dags/lakehouse_dag.py for tasks to queue
[2026-02-27T12:47:27.916+0000] {logging_mixin.py:190} INFO - [2026-02-27T12:47:27.916+0000] {dagbag.py:588} INFO - Filling up the DagBag from /opt/airflow/dags/lakehouse_dag.py
[2026-02-27T12:47:27.934+0000] {processor.py:925} INFO - DAG(s) 'lakehouse_daily_pipeline' retrieved from /opt/airflow/dags/lakehouse_dag.py
[2026-02-27T12:47:27.959+0000] {logging_mixin.py:190} INFO - [2026-02-27T12:47:27.959+0000] {dag.py:3239} INFO - Sync 1 DAGs
[2026-02-27T12:47:27.982+0000] {logging_mixin.py:190} INFO - [2026-02-27T12:47:27.982+0000] {dag.py:4180} INFO - Setting next_dagrun for lakehouse_daily_pipeline to 2026-02-26 00:00:00+00:00, run_after=2026-02-27 00:00:00+00:00
[2026-02-27T12:47:28.002+0000] {processor.py:208} INFO - Processing /opt/airflow/dags/lakehouse_dag.py took 0.096 seconds
[2026-02-27T12:47:58.059+0000] {processor.py:186} INFO - Started process (PID=271) to work on /opt/airflow/dags/lakehouse_dag.py
[2026-02-27T12:47:58.060+0000] {processor.py:914} INFO - Processing file /opt/airflow/dags/lakehouse_dag.py for tasks to queue
[2026-02-27T12:47:58.063+0000] {logging_mixin.py:190} INFO - [2026-02-27T12:47:58.062+0000] {dagbag.py:588} INFO - Filling up the DagBag from /opt/airflow/dags/lakehouse_dag.py
[2026-02-27T12:47:58.080+0000] {processor.py:925} INFO - DAG(s) 'lakehouse_daily_pipeline' retrieved from /opt/airflow/dags/lakehouse_dag.py
[2026-02-27T12:47:58.106+0000] {logging_mixin.py:190} INFO - [2026-02-27T12:47:58.106+0000] {dag.py:3239} INFO - Sync 1 DAGs
[2026-02-27T12:47:58.130+0000] {logging_mixin.py:190} INFO - [2026-02-27T12:47:58.129+0000] {dag.py:4180} INFO - Setting next_dagrun for lakehouse_daily_pipeline to 2026-02-26 00:00:00+00:00, run_after=2026-02-27 00:00:00+00:00
[2026-02-27T12:47:58.150+0000] {processor.py:208} INFO - Processing /opt/airflow/dags/lakehouse_dag.py took 0.098 seconds
[2026-02-27T12:48:28.213+0000] {processor.py:186} INFO - Started process (PID=276) to work on /opt/airflow/dags/lakehouse_dag.py
[2026-02-27T12:48:28.214+0000] {processor.py:914} INFO - Processing file /opt/airflow/dags/lakehouse_dag.py for tasks to queue
[2026-02-27T12:48:28.216+0000] {logging_mixin.py:190} INFO - [2026-02-27T12:48:28.216+0000] {dagbag.py:588} INFO - Filling up the DagBag from /opt/airflow/dags/lakehouse_dag.py
[2026-02-27T12:48:28.234+0000] {processor.py:925} INFO - DAG(s) 'lakehouse_daily_pipeline' retrieved from /opt/airflow/dags/lakehouse_dag.py
[2026-02-27T12:48:28.263+0000] {logging_mixin.py:190} INFO - [2026-02-27T12:48:28.262+0000] {dag.py:3239} INFO - Sync 1 DAGs
[2026-02-27T12:48:28.291+0000] {logging_mixin.py:190} INFO - [2026-02-27T12:48:28.291+0000] {dag.py:4180} INFO - Setting next_dagrun for lakehouse_daily_pipeline to 2026-02-26 00:00:00+00:00, run_after=2026-02-27 00:00:00+00:00
[2026-02-27T12:48:28.314+0000] {processor.py:208} INFO - Processing /opt/airflow/dags/lakehouse_dag.py took 0.109 seconds
[2026-02-27T12:48:58.368+0000] {processor.py:186} INFO - Started process (PID=281) to work on /opt/airflow/dags/lakehouse_dag.py
[2026-02-27T12:48:58.369+0000] {processor.py:914} INFO - Processing file /opt/airflow/dags/lakehouse_dag.py for tasks to queue
[2026-02-27T12:48:58.372+0000] {logging_mixin.py:190} INFO - [2026-02-27T12:48:58.371+0000] {dagbag.py:588} INFO - Filling up the DagBag from /opt/airflow/dags/lakehouse_dag.py
[2026-02-27T12:48:58.390+0000] {processor.py:925} INFO - DAG(s) 'lakehouse_daily_pipeline' retrieved from /opt/airflow/dags/lakehouse_dag.py
[2026-02-27T12:48:58.417+0000] {logging_mixin.py:190} INFO - [2026-02-27T12:48:58.417+0000] {dag.py:3239} INFO - Sync 1 DAGs
[2026-02-27T12:48:58.440+0000] {logging_mixin.py:190} INFO - [2026-02-27T12:48:58.439+0000] {dag.py:4180} INFO - Setting next_dagrun for lakehouse_daily_pipeline to 2026-02-26 00:00:00+00:00, run_after=2026-02-27 00:00:00+00:00
[2026-02-27T12:48:58.462+0000] {processor.py:208} INFO - Processing /opt/airflow/dags/lakehouse_dag.py took 0.102 seconds
[2026-02-27T12:49:29.417+0000] {processor.py:186} INFO - Started process (PID=286) to work on /opt/airflow/dags/lakehouse_dag.py
[2026-02-27T12:49:29.418+0000] {processor.py:914} INFO - Processing file /opt/airflow/dags/lakehouse_dag.py for tasks to queue
[2026-02-27T12:49:29.420+0000] {logging_mixin.py:190} INFO - [2026-02-27T12:49:29.420+0000] {dagbag.py:588} INFO - Filling up the DagBag from /opt/airflow/dags/lakehouse_dag.py
[2026-02-27T12:49:29.436+0000] {processor.py:925} INFO - DAG(s) 'lakehouse_daily_pipeline' retrieved from /opt/airflow/dags/lakehouse_dag.py
[2026-02-27T12:49:29.460+0000] {logging_mixin.py:190} INFO - [2026-02-27T12:49:29.459+0000] {dag.py:3239} INFO - Sync 1 DAGs
[2026-02-27T12:49:29.487+0000] {logging_mixin.py:190} INFO - [2026-02-27T12:49:29.487+0000] {dag.py:4180} INFO - Setting next_dagrun for lakehouse_daily_pipeline to 2026-02-26 00:00:00+00:00, run_after=2026-02-27 00:00:00+00:00
[2026-02-27T12:49:29.514+0000] {processor.py:208} INFO - Processing /opt/airflow/dags/lakehouse_dag.py took 0.103 seconds
[2026-02-27T12:49:59.576+0000] {processor.py:186} INFO - Started process (PID=291) to work on /opt/airflow/dags/lakehouse_dag.py
[2026-02-27T12:49:59.577+0000] {processor.py:914} INFO - Processing file /opt/airflow/dags/lakehouse_dag.py for tasks to queue
[2026-02-27T12:49:59.580+0000] {logging_mixin.py:190} INFO - [2026-02-27T12:49:59.579+0000] {dagbag.py:588} INFO - Filling up the DagBag from /opt/airflow/dags/lakehouse_dag.py
[2026-02-27T12:49:59.597+0000] {processor.py:925} INFO - DAG(s) 'lakehouse_daily_pipeline' retrieved from /opt/airflow/dags/lakehouse_dag.py
[2026-02-27T12:49:59.623+0000] {logging_mixin.py:190} INFO - [2026-02-27T12:49:59.623+0000] {dag.py:3239} INFO - Sync 1 DAGs
[2026-02-27T12:49:59.645+0000] {logging_mixin.py:190} INFO - [2026-02-27T12:49:59.645+0000] {dag.py:4180} INFO - Setting next_dagrun for lakehouse_daily_pipeline to 2026-02-26 00:00:00+00:00, run_after=2026-02-27 00:00:00+00:00
[2026-02-27T12:49:59.673+0000] {processor.py:208} INFO - Processing /opt/airflow/dags/lakehouse_dag.py took 0.103 seconds
[2026-02-27T12:50:29.751+0000] {processor.py:186} INFO - Started process (PID=296) to work on /opt/airflow/dags/lakehouse_dag.py
[2026-02-27T12:50:29.752+0000] {processor.py:914} INFO - Processing file /opt/airflow/dags/lakehouse_dag.py for tasks to queue
[2026-02-27T12:50:29.755+0000] {logging_mixin.py:190} INFO - [2026-02-27T12:50:29.755+0000] {dagbag.py:588} INFO - Filling up the DagBag from /opt/airflow/dags/lakehouse_dag.py
[2026-02-27T12:50:29.772+0000] {processor.py:925} INFO - DAG(s) 'lakehouse_daily_pipeline' retrieved from /opt/airflow/dags/lakehouse_dag.py
[2026-02-27T12:50:29.802+0000] {logging_mixin.py:190} INFO - [2026-02-27T12:50:29.802+0000] {dag.py:3239} INFO - Sync 1 DAGs
[2026-02-27T12:50:30.027+0000] {logging_mixin.py:190} INFO - [2026-02-27T12:50:30.027+0000] {dag.py:4180} INFO - Setting next_dagrun for lakehouse_daily_pipeline to 2026-02-26 00:00:00+00:00, run_after=2026-02-27 00:00:00+00:00
[2026-02-27T12:50:30.050+0000] {processor.py:208} INFO - Processing /opt/airflow/dags/lakehouse_dag.py took 0.305 seconds
[2026-02-27T12:51:00.125+0000] {processor.py:186} INFO - Started process (PID=301) to work on /opt/airflow/dags/lakehouse_dag.py
[2026-02-27T12:51:00.126+0000] {processor.py:914} INFO - Processing file /opt/airflow/dags/lakehouse_dag.py for tasks to queue
[2026-02-27T12:51:00.128+0000] {logging_mixin.py:190} INFO - [2026-02-27T12:51:00.128+0000] {dagbag.py:588} INFO - Filling up the DagBag from /opt/airflow/dags/lakehouse_dag.py
[2026-02-27T12:51:00.143+0000] {processor.py:925} INFO - DAG(s) 'lakehouse_daily_pipeline' retrieved from /opt/airflow/dags/lakehouse_dag.py
[2026-02-27T12:51:00.171+0000] {logging_mixin.py:190} INFO - [2026-02-27T12:51:00.170+0000] {dag.py:3239} INFO - Sync 1 DAGs
[2026-02-27T12:51:00.354+0000] {logging_mixin.py:190} INFO - [2026-02-27T12:51:00.354+0000] {dag.py:4180} INFO - Setting next_dagrun for lakehouse_daily_pipeline to 2026-02-26 00:00:00+00:00, run_after=2026-02-27 00:00:00+00:00
[2026-02-27T12:51:00.370+0000] {processor.py:208} INFO - Processing /opt/airflow/dags/lakehouse_dag.py took 0.253 seconds
[2026-02-27T12:51:30.456+0000] {processor.py:186} INFO - Started process (PID=306) to work on /opt/airflow/dags/lakehouse_dag.py
[2026-02-27T12:51:30.457+0000] {processor.py:914} INFO - Processing file /opt/airflow/dags/lakehouse_dag.py for tasks to queue
[2026-02-27T12:51:30.459+0000] {logging_mixin.py:190} INFO - [2026-02-27T12:51:30.459+0000] {dagbag.py:588} INFO - Filling up the DagBag from /opt/airflow/dags/lakehouse_dag.py
[2026-02-27T12:51:30.477+0000] {processor.py:925} INFO - DAG(s) 'lakehouse_daily_pipeline' retrieved from /opt/airflow/dags/lakehouse_dag.py
[2026-02-27T12:51:30.646+0000] {logging_mixin.py:190} INFO - [2026-02-27T12:51:30.646+0000] {dag.py:3239} INFO - Sync 1 DAGs
[2026-02-27T12:51:30.668+0000] {logging_mixin.py:190} INFO - [2026-02-27T12:51:30.668+0000] {dag.py:4180} INFO - Setting next_dagrun for lakehouse_daily_pipeline to 2026-02-26 00:00:00+00:00, run_after=2026-02-27 00:00:00+00:00
[2026-02-27T12:51:30.685+0000] {processor.py:208} INFO - Processing /opt/airflow/dags/lakehouse_dag.py took 0.235 seconds
[2026-02-27T12:52:00.821+0000] {processor.py:186} INFO - Started process (PID=311) to work on /opt/airflow/dags/lakehouse_dag.py
[2026-02-27T12:52:00.822+0000] {processor.py:914} INFO - Processing file /opt/airflow/dags/lakehouse_dag.py for tasks to queue
[2026-02-27T12:52:00.824+0000] {logging_mixin.py:190} INFO - [2026-02-27T12:52:00.824+0000] {dagbag.py:588} INFO - Filling up the DagBag from /opt/airflow/dags/lakehouse_dag.py
[2026-02-27T12:52:00.842+0000] {processor.py:925} INFO - DAG(s) 'lakehouse_daily_pipeline' retrieved from /opt/airflow/dags/lakehouse_dag.py
[2026-02-27T12:52:00.866+0000] {logging_mixin.py:190} INFO - [2026-02-27T12:52:00.866+0000] {dag.py:3239} INFO - Sync 1 DAGs
[2026-02-27T12:52:00.889+0000] {logging_mixin.py:190} INFO - [2026-02-27T12:52:00.889+0000] {dag.py:4180} INFO - Setting next_dagrun for lakehouse_daily_pipeline to 2026-02-26 00:00:00+00:00, run_after=2026-02-27 00:00:00+00:00
[2026-02-27T12:52:00.911+0000] {processor.py:208} INFO - Processing /opt/airflow/dags/lakehouse_dag.py took 0.097 seconds
[2026-02-27T12:52:31.009+0000] {processor.py:186} INFO - Started process (PID=316) to work on /opt/airflow/dags/lakehouse_dag.py
[2026-02-27T12:52:31.010+0000] {processor.py:914} INFO - Processing file /opt/airflow/dags/lakehouse_dag.py for tasks to queue
[2026-02-27T12:52:31.012+0000] {logging_mixin.py:190} INFO - [2026-02-27T12:52:31.012+0000] {dagbag.py:588} INFO - Filling up the DagBag from /opt/airflow/dags/lakehouse_dag.py
[2026-02-27T12:52:31.028+0000] {processor.py:925} INFO - DAG(s) 'lakehouse_daily_pipeline' retrieved from /opt/airflow/dags/lakehouse_dag.py
[2026-02-27T12:52:31.053+0000] {logging_mixin.py:190} INFO - [2026-02-27T12:52:31.052+0000] {dag.py:3239} INFO - Sync 1 DAGs
[2026-02-27T12:52:31.074+0000] {logging_mixin.py:190} INFO - [2026-02-27T12:52:31.073+0000] {dag.py:4180} INFO - Setting next_dagrun for lakehouse_daily_pipeline to 2026-02-26 00:00:00+00:00, run_after=2026-02-27 00:00:00+00:00
[2026-02-27T12:52:31.091+0000] {processor.py:208} INFO - Processing /opt/airflow/dags/lakehouse_dag.py took 0.088 seconds
[2026-02-27T12:53:01.164+0000] {processor.py:186} INFO - Started process (PID=321) to work on /opt/airflow/dags/lakehouse_dag.py
[2026-02-27T12:53:01.165+0000] {processor.py:914} INFO - Processing file /opt/airflow/dags/lakehouse_dag.py for tasks to queue
[2026-02-27T12:53:01.168+0000] {logging_mixin.py:190} INFO - [2026-02-27T12:53:01.168+0000] {dagbag.py:588} INFO - Filling up the DagBag from /opt/airflow/dags/lakehouse_dag.py
[2026-02-27T12:53:01.185+0000] {processor.py:925} INFO - DAG(s) 'lakehouse_daily_pipeline' retrieved from /opt/airflow/dags/lakehouse_dag.py
[2026-02-27T12:53:01.211+0000] {logging_mixin.py:190} INFO - [2026-02-27T12:53:01.211+0000] {dag.py:3239} INFO - Sync 1 DAGs
[2026-02-27T12:53:01.235+0000] {logging_mixin.py:190} INFO - [2026-02-27T12:53:01.235+0000] {dag.py:4180} INFO - Setting next_dagrun for lakehouse_daily_pipeline to 2026-02-26 00:00:00+00:00, run_after=2026-02-27 00:00:00+00:00
[2026-02-27T12:53:01.260+0000] {processor.py:208} INFO - Processing /opt/airflow/dags/lakehouse_dag.py took 0.103 seconds
[2026-02-27T12:53:31.089+0000] {processor.py:186} INFO - Started process (PID=326) to work on /opt/airflow/dags/lakehouse_dag.py
[2026-02-27T12:53:31.091+0000] {processor.py:914} INFO - Processing file /opt/airflow/dags/lakehouse_dag.py for tasks to queue
[2026-02-27T12:53:31.096+0000] {logging_mixin.py:190} INFO - [2026-02-27T12:53:31.096+0000] {dagbag.py:588} INFO - Filling up the DagBag from /opt/airflow/dags/lakehouse_dag.py
[2026-02-27T12:53:31.128+0000] {processor.py:925} INFO - DAG(s) 'lakehouse_daily_pipeline' retrieved from /opt/airflow/dags/lakehouse_dag.py
[2026-02-27T12:53:31.161+0000] {logging_mixin.py:190} INFO - [2026-02-27T12:53:31.161+0000] {dag.py:3239} INFO - Sync 1 DAGs
[2026-02-27T12:53:31.193+0000] {logging_mixin.py:190} INFO - [2026-02-27T12:53:31.192+0000] {dag.py:4180} INFO - Setting next_dagrun for lakehouse_daily_pipeline to 2026-02-26 00:00:00+00:00, run_after=2026-02-27 00:00:00+00:00
[2026-02-27T12:53:31.220+0000] {processor.py:208} INFO - Processing /opt/airflow/dags/lakehouse_dag.py took 0.140 seconds
[2026-02-27T12:54:02.095+0000] {processor.py:186} INFO - Started process (PID=331) to work on /opt/airflow/dags/lakehouse_dag.py
[2026-02-27T12:54:02.096+0000] {processor.py:914} INFO - Processing file /opt/airflow/dags/lakehouse_dag.py for tasks to queue
[2026-02-27T12:54:02.098+0000] {logging_mixin.py:190} INFO - [2026-02-27T12:54:02.098+0000] {dagbag.py:588} INFO - Filling up the DagBag from /opt/airflow/dags/lakehouse_dag.py
[2026-02-27T12:54:02.124+0000] {processor.py:925} INFO - DAG(s) 'lakehouse_daily_pipeline' retrieved from /opt/airflow/dags/lakehouse_dag.py
[2026-02-27T12:54:02.161+0000] {logging_mixin.py:190} INFO - [2026-02-27T12:54:02.160+0000] {dag.py:3239} INFO - Sync 1 DAGs
[2026-02-27T12:54:02.188+0000] {logging_mixin.py:190} INFO - [2026-02-27T12:54:02.188+0000] {dag.py:4180} INFO - Setting next_dagrun for lakehouse_daily_pipeline to 2026-02-26 00:00:00+00:00, run_after=2026-02-27 00:00:00+00:00
[2026-02-27T12:54:02.213+0000] {processor.py:208} INFO - Processing /opt/airflow/dags/lakehouse_dag.py took 0.127 seconds
[2026-02-27T12:54:32.275+0000] {processor.py:186} INFO - Started process (PID=336) to work on /opt/airflow/dags/lakehouse_dag.py
[2026-02-27T12:54:32.276+0000] {processor.py:914} INFO - Processing file /opt/airflow/dags/lakehouse_dag.py for tasks to queue
[2026-02-27T12:54:32.279+0000] {logging_mixin.py:190} INFO - [2026-02-27T12:54:32.279+0000] {dagbag.py:588} INFO - Filling up the DagBag from /opt/airflow/dags/lakehouse_dag.py
[2026-02-27T12:54:32.299+0000] {processor.py:925} INFO - DAG(s) 'lakehouse_daily_pipeline' retrieved from /opt/airflow/dags/lakehouse_dag.py
[2026-02-27T12:54:32.326+0000] {logging_mixin.py:190} INFO - [2026-02-27T12:54:32.325+0000] {dag.py:3239} INFO - Sync 1 DAGs
[2026-02-27T12:54:32.349+0000] {logging_mixin.py:190} INFO - [2026-02-27T12:54:32.349+0000] {dag.py:4180} INFO - Setting next_dagrun for lakehouse_daily_pipeline to 2026-02-26 00:00:00+00:00, run_after=2026-02-27 00:00:00+00:00
[2026-02-27T12:54:32.370+0000] {processor.py:208} INFO - Processing /opt/airflow/dags/lakehouse_dag.py took 0.103 seconds
[2026-02-27T12:55:02.480+0000] {processor.py:186} INFO - Started process (PID=341) to work on /opt/airflow/dags/lakehouse_dag.py
[2026-02-27T12:55:02.481+0000] {processor.py:914} INFO - Processing file /opt/airflow/dags/lakehouse_dag.py for tasks to queue
[2026-02-27T12:55:02.483+0000] {logging_mixin.py:190} INFO - [2026-02-27T12:55:02.483+0000] {dagbag.py:588} INFO - Filling up the DagBag from /opt/airflow/dags/lakehouse_dag.py
[2026-02-27T12:55:02.499+0000] {processor.py:925} INFO - DAG(s) 'lakehouse_daily_pipeline' retrieved from /opt/airflow/dags/lakehouse_dag.py
[2026-02-27T12:55:02.522+0000] {logging_mixin.py:190} INFO - [2026-02-27T12:55:02.522+0000] {dag.py:3239} INFO - Sync 1 DAGs
[2026-02-27T12:55:02.542+0000] {logging_mixin.py:190} INFO - [2026-02-27T12:55:02.542+0000] {dag.py:4180} INFO - Setting next_dagrun for lakehouse_daily_pipeline to 2026-02-26 00:00:00+00:00, run_after=2026-02-27 00:00:00+00:00
[2026-02-27T12:55:02.560+0000] {processor.py:208} INFO - Processing /opt/airflow/dags/lakehouse_dag.py took 0.085 seconds
[2026-02-27T12:55:32.650+0000] {processor.py:186} INFO - Started process (PID=346) to work on /opt/airflow/dags/lakehouse_dag.py
[2026-02-27T12:55:32.652+0000] {processor.py:914} INFO - Processing file /opt/airflow/dags/lakehouse_dag.py for tasks to queue
[2026-02-27T12:55:32.657+0000] {logging_mixin.py:190} INFO - [2026-02-27T12:55:32.656+0000] {dagbag.py:588} INFO - Filling up the DagBag from /opt/airflow/dags/lakehouse_dag.py
[2026-02-27T12:55:32.683+0000] {processor.py:925} INFO - DAG(s) 'lakehouse_daily_pipeline' retrieved from /opt/airflow/dags/lakehouse_dag.py
[2026-02-27T12:55:32.707+0000] {logging_mixin.py:190} INFO - [2026-02-27T12:55:32.707+0000] {dag.py:3239} INFO - Sync 1 DAGs
[2026-02-27T12:55:32.731+0000] {logging_mixin.py:190} INFO - [2026-02-27T12:55:32.731+0000] {dag.py:4180} INFO - Setting next_dagrun for lakehouse_daily_pipeline to 2026-02-26 00:00:00+00:00, run_after=2026-02-27 00:00:00+00:00
[2026-02-27T12:55:32.753+0000] {processor.py:208} INFO - Processing /opt/airflow/dags/lakehouse_dag.py took 0.114 seconds
[2026-02-27T12:56:02.847+0000] {processor.py:186} INFO - Started process (PID=351) to work on /opt/airflow/dags/lakehouse_dag.py
[2026-02-27T12:56:02.848+0000] {processor.py:914} INFO - Processing file /opt/airflow/dags/lakehouse_dag.py for tasks to queue
[2026-02-27T12:56:02.851+0000] {logging_mixin.py:190} INFO - [2026-02-27T12:56:02.850+0000] {dagbag.py:588} INFO - Filling up the DagBag from /opt/airflow/dags/lakehouse_dag.py
[2026-02-27T12:56:02.869+0000] {processor.py:925} INFO - DAG(s) 'lakehouse_daily_pipeline' retrieved from /opt/airflow/dags/lakehouse_dag.py
[2026-02-27T12:56:02.894+0000] {logging_mixin.py:190} INFO - [2026-02-27T12:56:02.894+0000] {dag.py:3239} INFO - Sync 1 DAGs
[2026-02-27T12:56:02.917+0000] {logging_mixin.py:190} INFO - [2026-02-27T12:56:02.917+0000] {dag.py:4180} INFO - Setting next_dagrun for lakehouse_daily_pipeline to 2026-02-26 00:00:00+00:00, run_after=2026-02-27 00:00:00+00:00
[2026-02-27T12:56:02.937+0000] {processor.py:208} INFO - Processing /opt/airflow/dags/lakehouse_dag.py took 0.097 seconds
[2026-02-27T12:56:33.048+0000] {processor.py:186} INFO - Started process (PID=356) to work on /opt/airflow/dags/lakehouse_dag.py
[2026-02-27T12:56:33.049+0000] {processor.py:914} INFO - Processing file /opt/airflow/dags/lakehouse_dag.py for tasks to queue
[2026-02-27T12:56:33.051+0000] {logging_mixin.py:190} INFO - [2026-02-27T12:56:33.051+0000] {dagbag.py:588} INFO - Filling up the DagBag from /opt/airflow/dags/lakehouse_dag.py
[2026-02-27T12:56:33.067+0000] {processor.py:925} INFO - DAG(s) 'lakehouse_daily_pipeline' retrieved from /opt/airflow/dags/lakehouse_dag.py
[2026-02-27T12:56:33.090+0000] {logging_mixin.py:190} INFO - [2026-02-27T12:56:33.090+0000] {dag.py:3239} INFO - Sync 1 DAGs
[2026-02-27T12:56:33.110+0000] {logging_mixin.py:190} INFO - [2026-02-27T12:56:33.110+0000] {dag.py:4180} INFO - Setting next_dagrun for lakehouse_daily_pipeline to 2026-02-26 00:00:00+00:00, run_after=2026-02-27 00:00:00+00:00
[2026-02-27T12:56:33.131+0000] {processor.py:208} INFO - Processing /opt/airflow/dags/lakehouse_dag.py took 0.090 seconds
[2026-02-27T12:57:03.205+0000] {processor.py:186} INFO - Started process (PID=361) to work on /opt/airflow/dags/lakehouse_dag.py
[2026-02-27T12:57:03.206+0000] {processor.py:914} INFO - Processing file /opt/airflow/dags/lakehouse_dag.py for tasks to queue
[2026-02-27T12:57:03.208+0000] {logging_mixin.py:190} INFO - [2026-02-27T12:57:03.208+0000] {dagbag.py:588} INFO - Filling up the DagBag from /opt/airflow/dags/lakehouse_dag.py
[2026-02-27T12:57:03.224+0000] {processor.py:925} INFO - DAG(s) 'lakehouse_daily_pipeline' retrieved from /opt/airflow/dags/lakehouse_dag.py
[2026-02-27T12:57:03.249+0000] {logging_mixin.py:190} INFO - [2026-02-27T12:57:03.249+0000] {dag.py:3239} INFO - Sync 1 DAGs
[2026-02-27T12:57:03.272+0000] {logging_mixin.py:190} INFO - [2026-02-27T12:57:03.271+0000] {dag.py:4180} INFO - Setting next_dagrun for lakehouse_daily_pipeline to 2026-02-26 00:00:00+00:00, run_after=2026-02-27 00:00:00+00:00
[2026-02-27T12:57:03.294+0000] {processor.py:208} INFO - Processing /opt/airflow/dags/lakehouse_dag.py took 0.095 seconds
[2026-02-27T12:57:33.388+0000] {processor.py:186} INFO - Started process (PID=366) to work on /opt/airflow/dags/lakehouse_dag.py
[2026-02-27T12:57:33.389+0000] {processor.py:914} INFO - Processing file /opt/airflow/dags/lakehouse_dag.py for tasks to queue
[2026-02-27T12:57:33.391+0000] {logging_mixin.py:190} INFO - [2026-02-27T12:57:33.391+0000] {dagbag.py:588} INFO - Filling up the DagBag from /opt/airflow/dags/lakehouse_dag.py
[2026-02-27T12:57:33.408+0000] {processor.py:925} INFO - DAG(s) 'lakehouse_daily_pipeline' retrieved from /opt/airflow/dags/lakehouse_dag.py
[2026-02-27T12:57:33.434+0000] {logging_mixin.py:190} INFO - [2026-02-27T12:57:33.434+0000] {dag.py:3239} INFO - Sync 1 DAGs
[2026-02-27T12:57:33.458+0000] {logging_mixin.py:190} INFO - [2026-02-27T12:57:33.457+0000] {dag.py:4180} INFO - Setting next_dagrun for lakehouse_daily_pipeline to 2026-02-26 00:00:00+00:00, run_after=2026-02-27 00:00:00+00:00
[2026-02-27T12:57:33.480+0000] {processor.py:208} INFO - Processing /opt/airflow/dags/lakehouse_dag.py took 0.100 seconds
[2026-02-27T12:58:03.537+0000] {processor.py:186} INFO - Started process (PID=371) to work on /opt/airflow/dags/lakehouse_dag.py
[2026-02-27T12:58:03.539+0000] {processor.py:914} INFO - Processing file /opt/airflow/dags/lakehouse_dag.py for tasks to queue
[2026-02-27T12:58:03.542+0000] {logging_mixin.py:190} INFO - [2026-02-27T12:58:03.542+0000] {dagbag.py:588} INFO - Filling up the DagBag from /opt/airflow/dags/lakehouse_dag.py
[2026-02-27T12:58:03.569+0000] {processor.py:925} INFO - DAG(s) 'lakehouse_daily_pipeline' retrieved from /opt/airflow/dags/lakehouse_dag.py
[2026-02-27T12:58:03.605+0000] {logging_mixin.py:190} INFO - [2026-02-27T12:58:03.604+0000] {dag.py:3239} INFO - Sync 1 DAGs
[2026-02-27T12:58:03.650+0000] {logging_mixin.py:190} INFO - [2026-02-27T12:58:03.649+0000] {dag.py:4180} INFO - Setting next_dagrun for lakehouse_daily_pipeline to 2026-02-26 00:00:00+00:00, run_after=2026-02-27 00:00:00+00:00
[2026-02-27T12:58:03.683+0000] {processor.py:208} INFO - Processing /opt/airflow/dags/lakehouse_dag.py took 0.153 seconds
[2026-02-27T12:58:33.833+0000] {processor.py:186} INFO - Started process (PID=376) to work on /opt/airflow/dags/lakehouse_dag.py
[2026-02-27T12:58:33.842+0000] {processor.py:914} INFO - Processing file /opt/airflow/dags/lakehouse_dag.py for tasks to queue
[2026-02-27T12:58:33.846+0000] {logging_mixin.py:190} INFO - [2026-02-27T12:58:33.845+0000] {dagbag.py:588} INFO - Filling up the DagBag from /opt/airflow/dags/lakehouse_dag.py
[2026-02-27T12:58:33.884+0000] {processor.py:925} INFO - DAG(s) 'lakehouse_daily_pipeline' retrieved from /opt/airflow/dags/lakehouse_dag.py
[2026-02-27T12:58:33.919+0000] {logging_mixin.py:190} INFO - [2026-02-27T12:58:33.919+0000] {dag.py:3239} INFO - Sync 1 DAGs
[2026-02-27T12:58:33.958+0000] {logging_mixin.py:190} INFO - [2026-02-27T12:58:33.957+0000] {dag.py:4180} INFO - Setting next_dagrun for lakehouse_daily_pipeline to 2026-02-26 00:00:00+00:00, run_after=2026-02-27 00:00:00+00:00
[2026-02-27T12:58:33.978+0000] {processor.py:208} INFO - Processing /opt/airflow/dags/lakehouse_dag.py took 0.155 seconds
[2026-02-27T12:59:04.126+0000] {processor.py:186} INFO - Started process (PID=381) to work on /opt/airflow/dags/lakehouse_dag.py
[2026-02-27T12:59:04.127+0000] {processor.py:914} INFO - Processing file /opt/airflow/dags/lakehouse_dag.py for tasks to queue
[2026-02-27T12:59:04.130+0000] {logging_mixin.py:190} INFO - [2026-02-27T12:59:04.129+0000] {dagbag.py:588} INFO - Filling up the DagBag from /opt/airflow/dags/lakehouse_dag.py
[2026-02-27T12:59:04.151+0000] {processor.py:925} INFO - DAG(s) 'lakehouse_daily_pipeline' retrieved from /opt/airflow/dags/lakehouse_dag.py
[2026-02-27T12:59:04.178+0000] {logging_mixin.py:190} INFO - [2026-02-27T12:59:04.178+0000] {dag.py:3239} INFO - Sync 1 DAGs
[2026-02-27T12:59:04.201+0000] {logging_mixin.py:190} INFO - [2026-02-27T12:59:04.200+0000] {dag.py:4180} INFO - Setting next_dagrun for lakehouse_daily_pipeline to 2026-02-26 00:00:00+00:00, run_after=2026-02-27 00:00:00+00:00
[2026-02-27T12:59:04.224+0000] {processor.py:208} INFO - Processing /opt/airflow/dags/lakehouse_dag.py took 0.105 seconds
[2026-02-27T12:59:34.357+0000] {processor.py:186} INFO - Started process (PID=386) to work on /opt/airflow/dags/lakehouse_dag.py
[2026-02-27T12:59:34.358+0000] {processor.py:914} INFO - Processing file /opt/airflow/dags/lakehouse_dag.py for tasks to queue
[2026-02-27T12:59:34.360+0000] {logging_mixin.py:190} INFO - [2026-02-27T12:59:34.360+0000] {dagbag.py:588} INFO - Filling up the DagBag from /opt/airflow/dags/lakehouse_dag.py
[2026-02-27T12:59:34.377+0000] {processor.py:925} INFO - DAG(s) 'lakehouse_daily_pipeline' retrieved from /opt/airflow/dags/lakehouse_dag.py
[2026-02-27T12:59:34.404+0000] {logging_mixin.py:190} INFO - [2026-02-27T12:59:34.403+0000] {dag.py:3239} INFO - Sync 1 DAGs
[2026-02-27T12:59:34.427+0000] {logging_mixin.py:190} INFO - [2026-02-27T12:59:34.427+0000] {dag.py:4180} INFO - Setting next_dagrun for lakehouse_daily_pipeline to 2026-02-26 00:00:00+00:00, run_after=2026-02-27 00:00:00+00:00
[2026-02-27T12:59:34.445+0000] {processor.py:208} INFO - Processing /opt/airflow/dags/lakehouse_dag.py took 0.094 seconds
[2026-02-27T13:00:04.577+0000] {processor.py:186} INFO - Started process (PID=391) to work on /opt/airflow/dags/lakehouse_dag.py
[2026-02-27T13:00:04.578+0000] {processor.py:914} INFO - Processing file /opt/airflow/dags/lakehouse_dag.py for tasks to queue
[2026-02-27T13:00:04.581+0000] {logging_mixin.py:190} INFO - [2026-02-27T13:00:04.580+0000] {dagbag.py:588} INFO - Filling up the DagBag from /opt/airflow/dags/lakehouse_dag.py
[2026-02-27T13:00:04.600+0000] {processor.py:925} INFO - DAG(s) 'lakehouse_daily_pipeline' retrieved from /opt/airflow/dags/lakehouse_dag.py
[2026-02-27T13:00:04.630+0000] {logging_mixin.py:190} INFO - [2026-02-27T13:00:04.630+0000] {dag.py:3239} INFO - Sync 1 DAGs
[2026-02-27T13:00:04.652+0000] {logging_mixin.py:190} INFO - [2026-02-27T13:00:04.652+0000] {dag.py:4180} INFO - Setting next_dagrun for lakehouse_daily_pipeline to 2026-02-26 00:00:00+00:00, run_after=2026-02-27 00:00:00+00:00
[2026-02-27T13:00:04.673+0000] {processor.py:208} INFO - Processing /opt/airflow/dags/lakehouse_dag.py took 0.102 seconds
[2026-02-27T13:00:34.717+0000] {processor.py:186} INFO - Started process (PID=396) to work on /opt/airflow/dags/lakehouse_dag.py
[2026-02-27T13:00:34.719+0000] {processor.py:914} INFO - Processing file /opt/airflow/dags/lakehouse_dag.py for tasks to queue
[2026-02-27T13:00:34.722+0000] {logging_mixin.py:190} INFO - [2026-02-27T13:00:34.722+0000] {dagbag.py:588} INFO - Filling up the DagBag from /opt/airflow/dags/lakehouse_dag.py
[2026-02-27T13:00:34.742+0000] {processor.py:925} INFO - DAG(s) 'lakehouse_daily_pipeline' retrieved from /opt/airflow/dags/lakehouse_dag.py
[2026-02-27T13:00:34.767+0000] {logging_mixin.py:190} INFO - [2026-02-27T13:00:34.767+0000] {dag.py:3239} INFO - Sync 1 DAGs
[2026-02-27T13:00:34.789+0000] {logging_mixin.py:190} INFO - [2026-02-27T13:00:34.789+0000] {dag.py:4180} INFO - Setting next_dagrun for lakehouse_daily_pipeline to 2026-02-26 00:00:00+00:00, run_after=2026-02-27 00:00:00+00:00
[2026-02-27T13:00:34.813+0000] {processor.py:208} INFO - Processing /opt/airflow/dags/lakehouse_dag.py took 0.102 seconds
[2026-02-27T13:01:04.884+0000] {processor.py:186} INFO - Started process (PID=401) to work on /opt/airflow/dags/lakehouse_dag.py
[2026-02-27T13:01:04.886+0000] {processor.py:914} INFO - Processing file /opt/airflow/dags/lakehouse_dag.py for tasks to queue
[2026-02-27T13:01:04.889+0000] {logging_mixin.py:190} INFO - [2026-02-27T13:01:04.889+0000] {dagbag.py:588} INFO - Filling up the DagBag from /opt/airflow/dags/lakehouse_dag.py
[2026-02-27T13:01:04.907+0000] {processor.py:925} INFO - DAG(s) 'lakehouse_daily_pipeline' retrieved from /opt/airflow/dags/lakehouse_dag.py
[2026-02-27T13:01:04.932+0000] {logging_mixin.py:190} INFO - [2026-02-27T13:01:04.932+0000] {dag.py:3239} INFO - Sync 1 DAGs
[2026-02-27T13:01:04.954+0000] {logging_mixin.py:190} INFO - [2026-02-27T13:01:04.954+0000] {dag.py:4180} INFO - Setting next_dagrun for lakehouse_daily_pipeline to 2026-02-26 00:00:00+00:00, run_after=2026-02-27 00:00:00+00:00
[2026-02-27T13:01:04.976+0000] {processor.py:208} INFO - Processing /opt/airflow/dags/lakehouse_dag.py took 0.099 seconds
[2026-02-27T13:01:35.048+0000] {processor.py:186} INFO - Started process (PID=406) to work on /opt/airflow/dags/lakehouse_dag.py
[2026-02-27T13:01:35.049+0000] {processor.py:914} INFO - Processing file /opt/airflow/dags/lakehouse_dag.py for tasks to queue
[2026-02-27T13:01:35.052+0000] {logging_mixin.py:190} INFO - [2026-02-27T13:01:35.052+0000] {dagbag.py:588} INFO - Filling up the DagBag from /opt/airflow/dags/lakehouse_dag.py
[2026-02-27T13:01:35.074+0000] {processor.py:925} INFO - DAG(s) 'lakehouse_daily_pipeline' retrieved from /opt/airflow/dags/lakehouse_dag.py
[2026-02-27T13:01:35.103+0000] {logging_mixin.py:190} INFO - [2026-02-27T13:01:35.102+0000] {dag.py:3239} INFO - Sync 1 DAGs
[2026-02-27T13:01:35.126+0000] {logging_mixin.py:190} INFO - [2026-02-27T13:01:35.126+0000] {dag.py:4180} INFO - Setting next_dagrun for lakehouse_daily_pipeline to 2026-02-26 00:00:00+00:00, run_after=2026-02-27 00:00:00+00:00
[2026-02-27T13:01:35.147+0000] {processor.py:208} INFO - Processing /opt/airflow/dags/lakehouse_dag.py took 0.106 seconds
[2026-02-27T13:02:05.252+0000] {processor.py:186} INFO - Started process (PID=411) to work on /opt/airflow/dags/lakehouse_dag.py
[2026-02-27T13:02:05.253+0000] {processor.py:914} INFO - Processing file /opt/airflow/dags/lakehouse_dag.py for tasks to queue
[2026-02-27T13:02:05.255+0000] {logging_mixin.py:190} INFO - [2026-02-27T13:02:05.255+0000] {dagbag.py:588} INFO - Filling up the DagBag from /opt/airflow/dags/lakehouse_dag.py
[2026-02-27T13:02:05.270+0000] {processor.py:925} INFO - DAG(s) 'lakehouse_daily_pipeline' retrieved from /opt/airflow/dags/lakehouse_dag.py
[2026-02-27T13:02:05.291+0000] {logging_mixin.py:190} INFO - [2026-02-27T13:02:05.291+0000] {dag.py:3239} INFO - Sync 1 DAGs
[2026-02-27T13:02:05.312+0000] {logging_mixin.py:190} INFO - [2026-02-27T13:02:05.312+0000] {dag.py:4180} INFO - Setting next_dagrun for lakehouse_daily_pipeline to 2026-02-26 00:00:00+00:00, run_after=2026-02-27 00:00:00+00:00
[2026-02-27T13:02:05.327+0000] {processor.py:208} INFO - Processing /opt/airflow/dags/lakehouse_dag.py took 0.082 seconds
[2026-02-27T13:02:35.411+0000] {processor.py:186} INFO - Started process (PID=416) to work on /opt/airflow/dags/lakehouse_dag.py
[2026-02-27T13:02:35.412+0000] {processor.py:914} INFO - Processing file /opt/airflow/dags/lakehouse_dag.py for tasks to queue
[2026-02-27T13:02:35.414+0000] {logging_mixin.py:190} INFO - [2026-02-27T13:02:35.414+0000] {dagbag.py:588} INFO - Filling up the DagBag from /opt/airflow/dags/lakehouse_dag.py
[2026-02-27T13:02:35.430+0000] {processor.py:925} INFO - DAG(s) 'lakehouse_daily_pipeline' retrieved from /opt/airflow/dags/lakehouse_dag.py
[2026-02-27T13:02:35.453+0000] {logging_mixin.py:190} INFO - [2026-02-27T13:02:35.452+0000] {dag.py:3239} INFO - Sync 1 DAGs
[2026-02-27T13:02:35.473+0000] {logging_mixin.py:190} INFO - [2026-02-27T13:02:35.473+0000] {dag.py:4180} INFO - Setting next_dagrun for lakehouse_daily_pipeline to 2026-02-26 00:00:00+00:00, run_after=2026-02-27 00:00:00+00:00
[2026-02-27T13:02:35.494+0000] {processor.py:208} INFO - Processing /opt/airflow/dags/lakehouse_dag.py took 0.090 seconds
[2026-02-27T13:03:05.579+0000] {processor.py:186} INFO - Started process (PID=421) to work on /opt/airflow/dags/lakehouse_dag.py
[2026-02-27T13:03:05.580+0000] {processor.py:914} INFO - Processing file /opt/airflow/dags/lakehouse_dag.py for tasks to queue
[2026-02-27T13:03:05.583+0000] {logging_mixin.py:190} INFO - [2026-02-27T13:03:05.583+0000] {dagbag.py:588} INFO - Filling up the DagBag from /opt/airflow/dags/lakehouse_dag.py
[2026-02-27T13:03:05.600+0000] {processor.py:925} INFO - DAG(s) 'lakehouse_daily_pipeline' retrieved from /opt/airflow/dags/lakehouse_dag.py
[2026-02-27T13:03:05.625+0000] {logging_mixin.py:190} INFO - [2026-02-27T13:03:05.625+0000] {dag.py:3239} INFO - Sync 1 DAGs
[2026-02-27T13:03:05.647+0000] {logging_mixin.py:190} INFO - [2026-02-27T13:03:05.647+0000] {dag.py:4180} INFO - Setting next_dagrun for lakehouse_daily_pipeline to 2026-02-26 00:00:00+00:00, run_after=2026-02-27 00:00:00+00:00
[2026-02-27T13:03:05.667+0000] {processor.py:208} INFO - Processing /opt/airflow/dags/lakehouse_dag.py took 0.096 seconds
[2026-02-27T13:03:35.801+0000] {processor.py:186} INFO - Started process (PID=426) to work on /opt/airflow/dags/lakehouse_dag.py
[2026-02-27T13:03:35.802+0000] {processor.py:914} INFO - Processing file /opt/airflow/dags/lakehouse_dag.py for tasks to queue
[2026-02-27T13:03:35.805+0000] {logging_mixin.py:190} INFO - [2026-02-27T13:03:35.805+0000] {dagbag.py:588} INFO - Filling up the DagBag from /opt/airflow/dags/lakehouse_dag.py
[2026-02-27T13:03:35.822+0000] {processor.py:925} INFO - DAG(s) 'lakehouse_daily_pipeline' retrieved from /opt/airflow/dags/lakehouse_dag.py
[2026-02-27T13:03:35.846+0000] {logging_mixin.py:190} INFO - [2026-02-27T13:03:35.845+0000] {dag.py:3239} INFO - Sync 1 DAGs
[2026-02-27T13:03:35.867+0000] {logging_mixin.py:190} INFO - [2026-02-27T13:03:35.867+0000] {dag.py:4180} INFO - Setting next_dagrun for lakehouse_daily_pipeline to 2026-02-26 00:00:00+00:00, run_after=2026-02-27 00:00:00+00:00
[2026-02-27T13:03:35.886+0000] {processor.py:208} INFO - Processing /opt/airflow/dags/lakehouse_dag.py took 0.092 seconds
[2026-02-27T13:04:05.959+0000] {processor.py:186} INFO - Started process (PID=431) to work on /opt/airflow/dags/lakehouse_dag.py
[2026-02-27T13:04:05.960+0000] {processor.py:914} INFO - Processing file /opt/airflow/dags/lakehouse_dag.py for tasks to queue
[2026-02-27T13:04:05.963+0000] {logging_mixin.py:190} INFO - [2026-02-27T13:04:05.963+0000] {dagbag.py:588} INFO - Filling up the DagBag from /opt/airflow/dags/lakehouse_dag.py
[2026-02-27T13:04:05.980+0000] {processor.py:925} INFO - DAG(s) 'lakehouse_daily_pipeline' retrieved from /opt/airflow/dags/lakehouse_dag.py
[2026-02-27T13:04:06.005+0000] {logging_mixin.py:190} INFO - [2026-02-27T13:04:06.005+0000] {dag.py:3239} INFO - Sync 1 DAGs
[2026-02-27T13:04:06.033+0000] {logging_mixin.py:190} INFO - [2026-02-27T13:04:06.033+0000] {dag.py:4180} INFO - Setting next_dagrun for lakehouse_daily_pipeline to 2026-02-26 00:00:00+00:00, run_after=2026-02-27 00:00:00+00:00
[2026-02-27T13:04:06.054+0000] {processor.py:208} INFO - Processing /opt/airflow/dags/lakehouse_dag.py took 0.101 seconds
[2026-02-27T13:04:36.130+0000] {processor.py:186} INFO - Started process (PID=436) to work on /opt/airflow/dags/lakehouse_dag.py
[2026-02-27T13:04:36.131+0000] {processor.py:914} INFO - Processing file /opt/airflow/dags/lakehouse_dag.py for tasks to queue
[2026-02-27T13:04:36.134+0000] {logging_mixin.py:190} INFO - [2026-02-27T13:04:36.134+0000] {dagbag.py:588} INFO - Filling up the DagBag from /opt/airflow/dags/lakehouse_dag.py
[2026-02-27T13:04:36.151+0000] {processor.py:925} INFO - DAG(s) 'lakehouse_daily_pipeline' retrieved from /opt/airflow/dags/lakehouse_dag.py
[2026-02-27T13:04:36.177+0000] {logging_mixin.py:190} INFO - [2026-02-27T13:04:36.176+0000] {dag.py:3239} INFO - Sync 1 DAGs
[2026-02-27T13:04:36.200+0000] {logging_mixin.py:190} INFO - [2026-02-27T13:04:36.200+0000] {dag.py:4180} INFO - Setting next_dagrun for lakehouse_daily_pipeline to 2026-02-26 00:00:00+00:00, run_after=2026-02-27 00:00:00+00:00
[2026-02-27T13:04:36.221+0000] {processor.py:208} INFO - Processing /opt/airflow/dags/lakehouse_dag.py took 0.097 seconds
[2026-02-27T13:05:06.267+0000] {processor.py:186} INFO - Started process (PID=441) to work on /opt/airflow/dags/lakehouse_dag.py
[2026-02-27T13:05:06.268+0000] {processor.py:914} INFO - Processing file /opt/airflow/dags/lakehouse_dag.py for tasks to queue
[2026-02-27T13:05:06.271+0000] {logging_mixin.py:190} INFO - [2026-02-27T13:05:06.271+0000] {dagbag.py:588} INFO - Filling up the DagBag from /opt/airflow/dags/lakehouse_dag.py
[2026-02-27T13:05:06.289+0000] {processor.py:925} INFO - DAG(s) 'lakehouse_daily_pipeline' retrieved from /opt/airflow/dags/lakehouse_dag.py
[2026-02-27T13:05:06.316+0000] {logging_mixin.py:190} INFO - [2026-02-27T13:05:06.316+0000] {dag.py:3239} INFO - Sync 1 DAGs
[2026-02-27T13:05:06.341+0000] {logging_mixin.py:190} INFO - [2026-02-27T13:05:06.341+0000] {dag.py:4180} INFO - Setting next_dagrun for lakehouse_daily_pipeline to 2026-02-26 00:00:00+00:00, run_after=2026-02-27 00:00:00+00:00
[2026-02-27T13:05:06.359+0000] {processor.py:208} INFO - Processing /opt/airflow/dags/lakehouse_dag.py took 0.099 seconds
[2026-02-27T13:05:36.423+0000] {processor.py:186} INFO - Started process (PID=446) to work on /opt/airflow/dags/lakehouse_dag.py
[2026-02-27T13:05:36.424+0000] {processor.py:914} INFO - Processing file /opt/airflow/dags/lakehouse_dag.py for tasks to queue
[2026-02-27T13:05:36.428+0000] {logging_mixin.py:190} INFO - [2026-02-27T13:05:36.427+0000] {dagbag.py:588} INFO - Filling up the DagBag from /opt/airflow/dags/lakehouse_dag.py
[2026-02-27T13:05:36.449+0000] {processor.py:925} INFO - DAG(s) 'lakehouse_daily_pipeline' retrieved from /opt/airflow/dags/lakehouse_dag.py
[2026-02-27T13:05:36.476+0000] {logging_mixin.py:190} INFO - [2026-02-27T13:05:36.476+0000] {dag.py:3239} INFO - Sync 1 DAGs
[2026-02-27T13:05:36.500+0000] {logging_mixin.py:190} INFO - [2026-02-27T13:05:36.499+0000] {dag.py:4180} INFO - Setting next_dagrun for lakehouse_daily_pipeline to 2026-02-26 00:00:00+00:00, run_after=2026-02-27 00:00:00+00:00
[2026-02-27T13:05:36.521+0000] {processor.py:208} INFO - Processing /opt/airflow/dags/lakehouse_dag.py took 0.105 seconds
[2026-02-27T13:06:06.587+0000] {processor.py:186} INFO - Started process (PID=451) to work on /opt/airflow/dags/lakehouse_dag.py
[2026-02-27T13:06:06.588+0000] {processor.py:914} INFO - Processing file /opt/airflow/dags/lakehouse_dag.py for tasks to queue
[2026-02-27T13:06:06.591+0000] {logging_mixin.py:190} INFO - [2026-02-27T13:06:06.591+0000] {dagbag.py:588} INFO - Filling up the DagBag from /opt/airflow/dags/lakehouse_dag.py
[2026-02-27T13:06:06.612+0000] {processor.py:925} INFO - DAG(s) 'lakehouse_daily_pipeline' retrieved from /opt/airflow/dags/lakehouse_dag.py
[2026-02-27T13:06:06.640+0000] {logging_mixin.py:190} INFO - [2026-02-27T13:06:06.640+0000] {dag.py:3239} INFO - Sync 1 DAGs
[2026-02-27T13:06:06.665+0000] {logging_mixin.py:190} INFO - [2026-02-27T13:06:06.665+0000] {dag.py:4180} INFO - Setting next_dagrun for lakehouse_daily_pipeline to 2026-02-26 00:00:00+00:00, run_after=2026-02-27 00:00:00+00:00
[2026-02-27T13:06:06.682+0000] {processor.py:208} INFO - Processing /opt/airflow/dags/lakehouse_dag.py took 0.101 seconds
[2026-02-27T13:06:36.816+0000] {processor.py:186} INFO - Started process (PID=456) to work on /opt/airflow/dags/lakehouse_dag.py
[2026-02-27T13:06:36.817+0000] {processor.py:914} INFO - Processing file /opt/airflow/dags/lakehouse_dag.py for tasks to queue
[2026-02-27T13:06:36.820+0000] {logging_mixin.py:190} INFO - [2026-02-27T13:06:36.820+0000] {dagbag.py:588} INFO - Filling up the DagBag from /opt/airflow/dags/lakehouse_dag.py
[2026-02-27T13:06:36.838+0000] {processor.py:925} INFO - DAG(s) 'lakehouse_daily_pipeline' retrieved from /opt/airflow/dags/lakehouse_dag.py
[2026-02-27T13:06:36.864+0000] {logging_mixin.py:190} INFO - [2026-02-27T13:06:36.864+0000] {dag.py:3239} INFO - Sync 1 DAGs
[2026-02-27T13:06:36.887+0000] {logging_mixin.py:190} INFO - [2026-02-27T13:06:36.887+0000] {dag.py:4180} INFO - Setting next_dagrun for lakehouse_daily_pipeline to 2026-02-26 00:00:00+00:00, run_after=2026-02-27 00:00:00+00:00
[2026-02-27T13:06:36.904+0000] {processor.py:208} INFO - Processing /opt/airflow/dags/lakehouse_dag.py took 0.095 seconds
[2026-02-27T13:07:07.004+0000] {processor.py:186} INFO - Started process (PID=461) to work on /opt/airflow/dags/lakehouse_dag.py
[2026-02-27T13:07:07.006+0000] {processor.py:914} INFO - Processing file /opt/airflow/dags/lakehouse_dag.py for tasks to queue
[2026-02-27T13:07:07.009+0000] {logging_mixin.py:190} INFO - [2026-02-27T13:07:07.009+0000] {dagbag.py:588} INFO - Filling up the DagBag from /opt/airflow/dags/lakehouse_dag.py
[2026-02-27T13:07:07.031+0000] {processor.py:925} INFO - DAG(s) 'lakehouse_daily_pipeline' retrieved from /opt/airflow/dags/lakehouse_dag.py
[2026-02-27T13:07:07.062+0000] {logging_mixin.py:190} INFO - [2026-02-27T13:07:07.062+0000] {dag.py:3239} INFO - Sync 1 DAGs
[2026-02-27T13:07:07.095+0000] {logging_mixin.py:190} INFO - [2026-02-27T13:07:07.095+0000] {dag.py:4180} INFO - Setting next_dagrun for lakehouse_daily_pipeline to 2026-02-26 00:00:00+00:00, run_after=2026-02-27 00:00:00+00:00
[2026-02-27T13:07:07.125+0000] {processor.py:208} INFO - Processing /opt/airflow/dags/lakehouse_dag.py took 0.129 seconds
[2026-02-27T13:07:37.281+0000] {processor.py:186} INFO - Started process (PID=466) to work on /opt/airflow/dags/lakehouse_dag.py
[2026-02-27T13:07:37.283+0000] {processor.py:914} INFO - Processing file /opt/airflow/dags/lakehouse_dag.py for tasks to queue
[2026-02-27T13:07:37.286+0000] {logging_mixin.py:190} INFO - [2026-02-27T13:07:37.285+0000] {dagbag.py:588} INFO - Filling up the DagBag from /opt/airflow/dags/lakehouse_dag.py
[2026-02-27T13:07:37.309+0000] {processor.py:925} INFO - DAG(s) 'lakehouse_daily_pipeline' retrieved from /opt/airflow/dags/lakehouse_dag.py
[2026-02-27T13:07:37.339+0000] {logging_mixin.py:190} INFO - [2026-02-27T13:07:37.339+0000] {dag.py:3239} INFO - Sync 1 DAGs
[2026-02-27T13:07:37.365+0000] {logging_mixin.py:190} INFO - [2026-02-27T13:07:37.365+0000] {dag.py:4180} INFO - Setting next_dagrun for lakehouse_daily_pipeline to 2026-02-26 00:00:00+00:00, run_after=2026-02-27 00:00:00+00:00
[2026-02-27T13:07:37.388+0000] {processor.py:208} INFO - Processing /opt/airflow/dags/lakehouse_dag.py took 0.117 seconds
[2026-02-27T13:08:07.496+0000] {processor.py:186} INFO - Started process (PID=471) to work on /opt/airflow/dags/lakehouse_dag.py
[2026-02-27T13:08:07.497+0000] {processor.py:914} INFO - Processing file /opt/airflow/dags/lakehouse_dag.py for tasks to queue
[2026-02-27T13:08:07.501+0000] {logging_mixin.py:190} INFO - [2026-02-27T13:08:07.500+0000] {dagbag.py:588} INFO - Filling up the DagBag from /opt/airflow/dags/lakehouse_dag.py
[2026-02-27T13:08:07.537+0000] {processor.py:925} INFO - DAG(s) 'lakehouse_daily_pipeline' retrieved from /opt/airflow/dags/lakehouse_dag.py
[2026-02-27T13:08:07.589+0000] {logging_mixin.py:190} INFO - [2026-02-27T13:08:07.589+0000] {dag.py:3239} INFO - Sync 1 DAGs
[2026-02-27T13:08:07.625+0000] {logging_mixin.py:190} INFO - [2026-02-27T13:08:07.624+0000] {dag.py:4180} INFO - Setting next_dagrun for lakehouse_daily_pipeline to 2026-02-26 00:00:00+00:00, run_after=2026-02-27 00:00:00+00:00
[2026-02-27T13:08:07.648+0000] {processor.py:208} INFO - Processing /opt/airflow/dags/lakehouse_dag.py took 0.163 seconds
[2026-02-27T13:08:37.785+0000] {processor.py:186} INFO - Started process (PID=476) to work on /opt/airflow/dags/lakehouse_dag.py
[2026-02-27T13:08:37.786+0000] {processor.py:914} INFO - Processing file /opt/airflow/dags/lakehouse_dag.py for tasks to queue
[2026-02-27T13:08:37.789+0000] {logging_mixin.py:190} INFO - [2026-02-27T13:08:37.788+0000] {dagbag.py:588} INFO - Filling up the DagBag from /opt/airflow/dags/lakehouse_dag.py
[2026-02-27T13:08:37.805+0000] {processor.py:925} INFO - DAG(s) 'lakehouse_daily_pipeline' retrieved from /opt/airflow/dags/lakehouse_dag.py
[2026-02-27T13:08:37.831+0000] {logging_mixin.py:190} INFO - [2026-02-27T13:08:37.830+0000] {dag.py:3239} INFO - Sync 1 DAGs
[2026-02-27T13:08:37.858+0000] {logging_mixin.py:190} INFO - [2026-02-27T13:08:37.858+0000] {dag.py:4180} INFO - Setting next_dagrun for lakehouse_daily_pipeline to 2026-02-26 00:00:00+00:00, run_after=2026-02-27 00:00:00+00:00
[2026-02-27T13:08:37.882+0000] {processor.py:208} INFO - Processing /opt/airflow/dags/lakehouse_dag.py took 0.104 seconds
[2026-02-27T13:09:08.034+0000] {processor.py:186} INFO - Started process (PID=481) to work on /opt/airflow/dags/lakehouse_dag.py
[2026-02-27T13:09:08.035+0000] {processor.py:914} INFO - Processing file /opt/airflow/dags/lakehouse_dag.py for tasks to queue
[2026-02-27T13:09:08.038+0000] {logging_mixin.py:190} INFO - [2026-02-27T13:09:08.037+0000] {dagbag.py:588} INFO - Filling up the DagBag from /opt/airflow/dags/lakehouse_dag.py
[2026-02-27T13:09:08.056+0000] {processor.py:925} INFO - DAG(s) 'lakehouse_daily_pipeline' retrieved from /opt/airflow/dags/lakehouse_dag.py
[2026-02-27T13:09:08.081+0000] {logging_mixin.py:190} INFO - [2026-02-27T13:09:08.080+0000] {dag.py:3239} INFO - Sync 1 DAGs
[2026-02-27T13:09:08.105+0000] {logging_mixin.py:190} INFO - [2026-02-27T13:09:08.104+0000] {dag.py:4180} INFO - Setting next_dagrun for lakehouse_daily_pipeline to 2026-02-26 00:00:00+00:00, run_after=2026-02-27 00:00:00+00:00
[2026-02-27T13:09:08.123+0000] {processor.py:208} INFO - Processing /opt/airflow/dags/lakehouse_dag.py took 0.096 seconds
[2026-02-27T13:09:38.169+0000] {processor.py:186} INFO - Started process (PID=486) to work on /opt/airflow/dags/lakehouse_dag.py
[2026-02-27T13:09:38.170+0000] {processor.py:914} INFO - Processing file /opt/airflow/dags/lakehouse_dag.py for tasks to queue
[2026-02-27T13:09:38.174+0000] {logging_mixin.py:190} INFO - [2026-02-27T13:09:38.173+0000] {dagbag.py:588} INFO - Filling up the DagBag from /opt/airflow/dags/lakehouse_dag.py
[2026-02-27T13:09:38.193+0000] {processor.py:925} INFO - DAG(s) 'lakehouse_daily_pipeline' retrieved from /opt/airflow/dags/lakehouse_dag.py
[2026-02-27T13:09:38.219+0000] {logging_mixin.py:190} INFO - [2026-02-27T13:09:38.219+0000] {dag.py:3239} INFO - Sync 1 DAGs
[2026-02-27T13:09:38.243+0000] {logging_mixin.py:190} INFO - [2026-02-27T13:09:38.243+0000] {dag.py:4180} INFO - Setting next_dagrun for lakehouse_daily_pipeline to 2026-02-26 00:00:00+00:00, run_after=2026-02-27 00:00:00+00:00
[2026-02-27T13:09:38.262+0000] {processor.py:208} INFO - Processing /opt/airflow/dags/lakehouse_dag.py took 0.101 seconds
[2026-02-27T13:10:08.353+0000] {processor.py:186} INFO - Started process (PID=491) to work on /opt/airflow/dags/lakehouse_dag.py
[2026-02-27T13:10:08.355+0000] {processor.py:914} INFO - Processing file /opt/airflow/dags/lakehouse_dag.py for tasks to queue
[2026-02-27T13:10:08.360+0000] {logging_mixin.py:190} INFO - [2026-02-27T13:10:08.359+0000] {dagbag.py:588} INFO - Filling up the DagBag from /opt/airflow/dags/lakehouse_dag.py
[2026-02-27T13:10:08.379+0000] {processor.py:925} INFO - DAG(s) 'lakehouse_daily_pipeline' retrieved from /opt/airflow/dags/lakehouse_dag.py
[2026-02-27T13:10:08.411+0000] {logging_mixin.py:190} INFO - [2026-02-27T13:10:08.411+0000] {dag.py:3239} INFO - Sync 1 DAGs
[2026-02-27T13:10:08.436+0000] {logging_mixin.py:190} INFO - [2026-02-27T13:10:08.436+0000] {dag.py:4180} INFO - Setting next_dagrun for lakehouse_daily_pipeline to 2026-02-26 00:00:00+00:00, run_after=2026-02-27 00:00:00+00:00
[2026-02-27T13:10:08.455+0000] {processor.py:208} INFO - Processing /opt/airflow/dags/lakehouse_dag.py took 0.108 seconds
[2026-02-27T13:10:38.580+0000] {processor.py:186} INFO - Started process (PID=496) to work on /opt/airflow/dags/lakehouse_dag.py
[2026-02-27T13:10:38.581+0000] {processor.py:914} INFO - Processing file /opt/airflow/dags/lakehouse_dag.py for tasks to queue
[2026-02-27T13:10:38.584+0000] {logging_mixin.py:190} INFO - [2026-02-27T13:10:38.583+0000] {dagbag.py:588} INFO - Filling up the DagBag from /opt/airflow/dags/lakehouse_dag.py
[2026-02-27T13:10:38.602+0000] {processor.py:925} INFO - DAG(s) 'lakehouse_daily_pipeline' retrieved from /opt/airflow/dags/lakehouse_dag.py
[2026-02-27T13:10:38.627+0000] {logging_mixin.py:190} INFO - [2026-02-27T13:10:38.627+0000] {dag.py:3239} INFO - Sync 1 DAGs
[2026-02-27T13:10:38.649+0000] {logging_mixin.py:190} INFO - [2026-02-27T13:10:38.649+0000] {dag.py:4180} INFO - Setting next_dagrun for lakehouse_daily_pipeline to 2026-02-26 00:00:00+00:00, run_after=2026-02-27 00:00:00+00:00
[2026-02-27T13:10:38.668+0000] {processor.py:208} INFO - Processing /opt/airflow/dags/lakehouse_dag.py took 0.096 seconds
[2026-02-27T13:11:08.737+0000] {processor.py:186} INFO - Started process (PID=501) to work on /opt/airflow/dags/lakehouse_dag.py
[2026-02-27T13:11:08.738+0000] {processor.py:914} INFO - Processing file /opt/airflow/dags/lakehouse_dag.py for tasks to queue
[2026-02-27T13:11:08.741+0000] {logging_mixin.py:190} INFO - [2026-02-27T13:11:08.740+0000] {dagbag.py:588} INFO - Filling up the DagBag from /opt/airflow/dags/lakehouse_dag.py
[2026-02-27T13:11:08.758+0000] {processor.py:925} INFO - DAG(s) 'lakehouse_daily_pipeline' retrieved from /opt/airflow/dags/lakehouse_dag.py
[2026-02-27T13:11:08.783+0000] {logging_mixin.py:190} INFO - [2026-02-27T13:11:08.783+0000] {dag.py:3239} INFO - Sync 1 DAGs
[2026-02-27T13:11:08.806+0000] {logging_mixin.py:190} INFO - [2026-02-27T13:11:08.806+0000] {dag.py:4180} INFO - Setting next_dagrun for lakehouse_daily_pipeline to 2026-02-26 00:00:00+00:00, run_after=2026-02-27 00:00:00+00:00
[2026-02-27T13:11:08.827+0000] {processor.py:208} INFO - Processing /opt/airflow/dags/lakehouse_dag.py took 0.097 seconds
[2026-02-27T13:11:38.942+0000] {processor.py:186} INFO - Started process (PID=506) to work on /opt/airflow/dags/lakehouse_dag.py
[2026-02-27T13:11:38.943+0000] {processor.py:914} INFO - Processing file /opt/airflow/dags/lakehouse_dag.py for tasks to queue
[2026-02-27T13:11:38.945+0000] {logging_mixin.py:190} INFO - [2026-02-27T13:11:38.944+0000] {dagbag.py:588} INFO - Filling up the DagBag from /opt/airflow/dags/lakehouse_dag.py
[2026-02-27T13:11:38.961+0000] {processor.py:925} INFO - DAG(s) 'lakehouse_daily_pipeline' retrieved from /opt/airflow/dags/lakehouse_dag.py
[2026-02-27T13:11:38.983+0000] {logging_mixin.py:190} INFO - [2026-02-27T13:11:38.983+0000] {dag.py:3239} INFO - Sync 1 DAGs
[2026-02-27T13:11:39.004+0000] {logging_mixin.py:190} INFO - [2026-02-27T13:11:39.004+0000] {dag.py:4180} INFO - Setting next_dagrun for lakehouse_daily_pipeline to 2026-02-26 00:00:00+00:00, run_after=2026-02-27 00:00:00+00:00
[2026-02-27T13:11:39.022+0000] {processor.py:208} INFO - Processing /opt/airflow/dags/lakehouse_dag.py took 0.087 seconds
[2026-02-27T13:12:09.115+0000] {processor.py:186} INFO - Started process (PID=511) to work on /opt/airflow/dags/lakehouse_dag.py
[2026-02-27T13:12:09.116+0000] {processor.py:914} INFO - Processing file /opt/airflow/dags/lakehouse_dag.py for tasks to queue
[2026-02-27T13:12:09.119+0000] {logging_mixin.py:190} INFO - [2026-02-27T13:12:09.118+0000] {dagbag.py:588} INFO - Filling up the DagBag from /opt/airflow/dags/lakehouse_dag.py
[2026-02-27T13:12:09.136+0000] {processor.py:925} INFO - DAG(s) 'lakehouse_daily_pipeline' retrieved from /opt/airflow/dags/lakehouse_dag.py
[2026-02-27T13:12:09.161+0000] {logging_mixin.py:190} INFO - [2026-02-27T13:12:09.160+0000] {dag.py:3239} INFO - Sync 1 DAGs
[2026-02-27T13:12:09.193+0000] {logging_mixin.py:190} INFO - [2026-02-27T13:12:09.193+0000] {dag.py:4180} INFO - Setting next_dagrun for lakehouse_daily_pipeline to 2026-02-26 00:00:00+00:00, run_after=2026-02-27 00:00:00+00:00
[2026-02-27T13:12:09.215+0000] {processor.py:208} INFO - Processing /opt/airflow/dags/lakehouse_dag.py took 0.105 seconds
[2026-02-27T13:12:39.377+0000] {processor.py:186} INFO - Started process (PID=516) to work on /opt/airflow/dags/lakehouse_dag.py
[2026-02-27T13:12:39.379+0000] {processor.py:914} INFO - Processing file /opt/airflow/dags/lakehouse_dag.py for tasks to queue
[2026-02-27T13:12:39.381+0000] {logging_mixin.py:190} INFO - [2026-02-27T13:12:39.381+0000] {dagbag.py:588} INFO - Filling up the DagBag from /opt/airflow/dags/lakehouse_dag.py
[2026-02-27T13:12:39.399+0000] {processor.py:925} INFO - DAG(s) 'lakehouse_daily_pipeline' retrieved from /opt/airflow/dags/lakehouse_dag.py
[2026-02-27T13:12:39.424+0000] {logging_mixin.py:190} INFO - [2026-02-27T13:12:39.424+0000] {dag.py:3239} INFO - Sync 1 DAGs
[2026-02-27T13:12:39.450+0000] {logging_mixin.py:190} INFO - [2026-02-27T13:12:39.450+0000] {dag.py:4180} INFO - Setting next_dagrun for lakehouse_daily_pipeline to 2026-02-26 00:00:00+00:00, run_after=2026-02-27 00:00:00+00:00
[2026-02-27T13:12:39.482+0000] {processor.py:208} INFO - Processing /opt/airflow/dags/lakehouse_dag.py took 0.111 seconds
[2026-02-27T13:13:09.652+0000] {processor.py:186} INFO - Started process (PID=521) to work on /opt/airflow/dags/lakehouse_dag.py
[2026-02-27T13:13:09.653+0000] {processor.py:914} INFO - Processing file /opt/airflow/dags/lakehouse_dag.py for tasks to queue
[2026-02-27T13:13:09.656+0000] {logging_mixin.py:190} INFO - [2026-02-27T13:13:09.655+0000] {dagbag.py:588} INFO - Filling up the DagBag from /opt/airflow/dags/lakehouse_dag.py
[2026-02-27T13:13:09.674+0000] {processor.py:925} INFO - DAG(s) 'lakehouse_daily_pipeline' retrieved from /opt/airflow/dags/lakehouse_dag.py
[2026-02-27T13:13:09.699+0000] {logging_mixin.py:190} INFO - [2026-02-27T13:13:09.699+0000] {dag.py:3239} INFO - Sync 1 DAGs
[2026-02-27T13:13:09.723+0000] {logging_mixin.py:190} INFO - [2026-02-27T13:13:09.723+0000] {dag.py:4180} INFO - Setting next_dagrun for lakehouse_daily_pipeline to 2026-02-26 00:00:00+00:00, run_after=2026-02-27 00:00:00+00:00
[2026-02-27T13:13:09.740+0000] {processor.py:208} INFO - Processing /opt/airflow/dags/lakehouse_dag.py took 0.094 seconds
[2026-02-27T13:13:39.836+0000] {processor.py:186} INFO - Started process (PID=526) to work on /opt/airflow/dags/lakehouse_dag.py
[2026-02-27T13:13:39.837+0000] {processor.py:914} INFO - Processing file /opt/airflow/dags/lakehouse_dag.py for tasks to queue
[2026-02-27T13:13:39.841+0000] {logging_mixin.py:190} INFO - [2026-02-27T13:13:39.841+0000] {dagbag.py:588} INFO - Filling up the DagBag from /opt/airflow/dags/lakehouse_dag.py
[2026-02-27T13:13:39.860+0000] {processor.py:925} INFO - DAG(s) 'lakehouse_daily_pipeline' retrieved from /opt/airflow/dags/lakehouse_dag.py
[2026-02-27T13:13:39.887+0000] {logging_mixin.py:190} INFO - [2026-02-27T13:13:39.886+0000] {dag.py:3239} INFO - Sync 1 DAGs
[2026-02-27T13:13:39.910+0000] {logging_mixin.py:190} INFO - [2026-02-27T13:13:39.910+0000] {dag.py:4180} INFO - Setting next_dagrun for lakehouse_daily_pipeline to 2026-02-26 00:00:00+00:00, run_after=2026-02-27 00:00:00+00:00
[2026-02-27T13:13:39.932+0000] {processor.py:208} INFO - Processing /opt/airflow/dags/lakehouse_dag.py took 0.104 seconds
[2026-02-27T13:14:10.091+0000] {processor.py:186} INFO - Started process (PID=531) to work on /opt/airflow/dags/lakehouse_dag.py
[2026-02-27T13:14:10.092+0000] {processor.py:914} INFO - Processing file /opt/airflow/dags/lakehouse_dag.py for tasks to queue
[2026-02-27T13:14:10.095+0000] {logging_mixin.py:190} INFO - [2026-02-27T13:14:10.095+0000] {dagbag.py:588} INFO - Filling up the DagBag from /opt/airflow/dags/lakehouse_dag.py
[2026-02-27T13:14:10.111+0000] {processor.py:925} INFO - DAG(s) 'lakehouse_daily_pipeline' retrieved from /opt/airflow/dags/lakehouse_dag.py
[2026-02-27T13:14:10.135+0000] {logging_mixin.py:190} INFO - [2026-02-27T13:14:10.135+0000] {dag.py:3239} INFO - Sync 1 DAGs
[2026-02-27T13:14:10.157+0000] {logging_mixin.py:190} INFO - [2026-02-27T13:14:10.157+0000] {dag.py:4180} INFO - Setting next_dagrun for lakehouse_daily_pipeline to 2026-02-26 00:00:00+00:00, run_after=2026-02-27 00:00:00+00:00
[2026-02-27T13:14:10.181+0000] {processor.py:208} INFO - Processing /opt/airflow/dags/lakehouse_dag.py took 0.096 seconds
[2026-02-27T13:14:40.357+0000] {processor.py:186} INFO - Started process (PID=536) to work on /opt/airflow/dags/lakehouse_dag.py
[2026-02-27T13:14:40.358+0000] {processor.py:914} INFO - Processing file /opt/airflow/dags/lakehouse_dag.py for tasks to queue
[2026-02-27T13:14:40.360+0000] {logging_mixin.py:190} INFO - [2026-02-27T13:14:40.360+0000] {dagbag.py:588} INFO - Filling up the DagBag from /opt/airflow/dags/lakehouse_dag.py
[2026-02-27T13:14:40.376+0000] {processor.py:925} INFO - DAG(s) 'lakehouse_daily_pipeline' retrieved from /opt/airflow/dags/lakehouse_dag.py
[2026-02-27T13:14:40.402+0000] {logging_mixin.py:190} INFO - [2026-02-27T13:14:40.402+0000] {dag.py:3239} INFO - Sync 1 DAGs
[2026-02-27T13:14:40.425+0000] {logging_mixin.py:190} INFO - [2026-02-27T13:14:40.424+0000] {dag.py:4180} INFO - Setting next_dagrun for lakehouse_daily_pipeline to 2026-02-26 00:00:00+00:00, run_after=2026-02-27 00:00:00+00:00
[2026-02-27T13:14:40.443+0000] {processor.py:208} INFO - Processing /opt/airflow/dags/lakehouse_dag.py took 0.092 seconds
[2026-02-27T13:15:10.524+0000] {processor.py:186} INFO - Started process (PID=541) to work on /opt/airflow/dags/lakehouse_dag.py
[2026-02-27T13:15:10.525+0000] {processor.py:914} INFO - Processing file /opt/airflow/dags/lakehouse_dag.py for tasks to queue
[2026-02-27T13:15:10.527+0000] {logging_mixin.py:190} INFO - [2026-02-27T13:15:10.526+0000] {dagbag.py:588} INFO - Filling up the DagBag from /opt/airflow/dags/lakehouse_dag.py
[2026-02-27T13:15:10.543+0000] {processor.py:925} INFO - DAG(s) 'lakehouse_daily_pipeline' retrieved from /opt/airflow/dags/lakehouse_dag.py
[2026-02-27T13:15:10.566+0000] {logging_mixin.py:190} INFO - [2026-02-27T13:15:10.566+0000] {dag.py:3239} INFO - Sync 1 DAGs
[2026-02-27T13:15:10.595+0000] {logging_mixin.py:190} INFO - [2026-02-27T13:15:10.595+0000] {dag.py:4180} INFO - Setting next_dagrun for lakehouse_daily_pipeline to 2026-02-26 00:00:00+00:00, run_after=2026-02-27 00:00:00+00:00
[2026-02-27T13:15:10.614+0000] {processor.py:208} INFO - Processing /opt/airflow/dags/lakehouse_dag.py took 0.097 seconds
[2026-02-27T13:15:40.722+0000] {processor.py:186} INFO - Started process (PID=546) to work on /opt/airflow/dags/lakehouse_dag.py
[2026-02-27T13:15:40.724+0000] {processor.py:914} INFO - Processing file /opt/airflow/dags/lakehouse_dag.py for tasks to queue
[2026-02-27T13:15:40.726+0000] {logging_mixin.py:190} INFO - [2026-02-27T13:15:40.726+0000] {dagbag.py:588} INFO - Filling up the DagBag from /opt/airflow/dags/lakehouse_dag.py
[2026-02-27T13:15:40.744+0000] {processor.py:925} INFO - DAG(s) 'lakehouse_daily_pipeline' retrieved from /opt/airflow/dags/lakehouse_dag.py
[2026-02-27T13:15:40.772+0000] {logging_mixin.py:190} INFO - [2026-02-27T13:15:40.772+0000] {dag.py:3239} INFO - Sync 1 DAGs
[2026-02-27T13:15:40.798+0000] {logging_mixin.py:190} INFO - [2026-02-27T13:15:40.798+0000] {dag.py:4180} INFO - Setting next_dagrun for lakehouse_daily_pipeline to 2026-02-26 00:00:00+00:00, run_after=2026-02-27 00:00:00+00:00
[2026-02-27T13:15:40.823+0000] {processor.py:208} INFO - Processing /opt/airflow/dags/lakehouse_dag.py took 0.106 seconds
[2026-02-27T13:16:10.883+0000] {processor.py:186} INFO - Started process (PID=551) to work on /opt/airflow/dags/lakehouse_dag.py
[2026-02-27T13:16:10.884+0000] {processor.py:914} INFO - Processing file /opt/airflow/dags/lakehouse_dag.py for tasks to queue
[2026-02-27T13:16:10.887+0000] {logging_mixin.py:190} INFO - [2026-02-27T13:16:10.887+0000] {dagbag.py:588} INFO - Filling up the DagBag from /opt/airflow/dags/lakehouse_dag.py
[2026-02-27T13:16:10.908+0000] {processor.py:925} INFO - DAG(s) 'lakehouse_daily_pipeline' retrieved from /opt/airflow/dags/lakehouse_dag.py
[2026-02-27T13:16:10.935+0000] {logging_mixin.py:190} INFO - [2026-02-27T13:16:10.935+0000] {dag.py:3239} INFO - Sync 1 DAGs
[2026-02-27T13:16:10.960+0000] {logging_mixin.py:190} INFO - [2026-02-27T13:16:10.960+0000] {dag.py:4180} INFO - Setting next_dagrun for lakehouse_daily_pipeline to 2026-02-26 00:00:00+00:00, run_after=2026-02-27 00:00:00+00:00
[2026-02-27T13:16:10.988+0000] {processor.py:208} INFO - Processing /opt/airflow/dags/lakehouse_dag.py took 0.114 seconds
[2026-02-27T13:16:41.081+0000] {processor.py:186} INFO - Started process (PID=556) to work on /opt/airflow/dags/lakehouse_dag.py
[2026-02-27T13:16:41.082+0000] {processor.py:914} INFO - Processing file /opt/airflow/dags/lakehouse_dag.py for tasks to queue
[2026-02-27T13:16:41.084+0000] {logging_mixin.py:190} INFO - [2026-02-27T13:16:41.084+0000] {dagbag.py:588} INFO - Filling up the DagBag from /opt/airflow/dags/lakehouse_dag.py
[2026-02-27T13:16:41.105+0000] {processor.py:925} INFO - DAG(s) 'lakehouse_daily_pipeline' retrieved from /opt/airflow/dags/lakehouse_dag.py
[2026-02-27T13:16:41.134+0000] {logging_mixin.py:190} INFO - [2026-02-27T13:16:41.134+0000] {dag.py:3239} INFO - Sync 1 DAGs
[2026-02-27T13:16:41.158+0000] {logging_mixin.py:190} INFO - [2026-02-27T13:16:41.158+0000] {dag.py:4180} INFO - Setting next_dagrun for lakehouse_daily_pipeline to 2026-02-26 00:00:00+00:00, run_after=2026-02-27 00:00:00+00:00
[2026-02-27T13:16:41.181+0000] {processor.py:208} INFO - Processing /opt/airflow/dags/lakehouse_dag.py took 0.108 seconds
[2026-02-27T13:17:11.331+0000] {processor.py:186} INFO - Started process (PID=561) to work on /opt/airflow/dags/lakehouse_dag.py
[2026-02-27T13:17:11.333+0000] {processor.py:914} INFO - Processing file /opt/airflow/dags/lakehouse_dag.py for tasks to queue
[2026-02-27T13:17:11.348+0000] {logging_mixin.py:190} INFO - [2026-02-27T13:17:11.347+0000] {dagbag.py:588} INFO - Filling up the DagBag from /opt/airflow/dags/lakehouse_dag.py
[2026-02-27T13:17:11.401+0000] {processor.py:925} INFO - DAG(s) 'lakehouse_daily_pipeline' retrieved from /opt/airflow/dags/lakehouse_dag.py
[2026-02-27T13:17:11.477+0000] {logging_mixin.py:190} INFO - [2026-02-27T13:17:11.477+0000] {dag.py:3239} INFO - Sync 1 DAGs
[2026-02-27T13:17:11.574+0000] {logging_mixin.py:190} INFO - [2026-02-27T13:17:11.574+0000] {dag.py:4180} INFO - Setting next_dagrun for lakehouse_daily_pipeline to 2026-02-26 00:00:00+00:00, run_after=2026-02-27 00:00:00+00:00
[2026-02-27T13:17:11.644+0000] {processor.py:208} INFO - Processing /opt/airflow/dags/lakehouse_dag.py took 0.338 seconds
[2026-02-27T13:17:41.796+0000] {processor.py:186} INFO - Started process (PID=566) to work on /opt/airflow/dags/lakehouse_dag.py
[2026-02-27T13:17:41.797+0000] {processor.py:914} INFO - Processing file /opt/airflow/dags/lakehouse_dag.py for tasks to queue
[2026-02-27T13:17:41.799+0000] {logging_mixin.py:190} INFO - [2026-02-27T13:17:41.799+0000] {dagbag.py:588} INFO - Filling up the DagBag from /opt/airflow/dags/lakehouse_dag.py
[2026-02-27T13:17:41.817+0000] {processor.py:925} INFO - DAG(s) 'lakehouse_daily_pipeline' retrieved from /opt/airflow/dags/lakehouse_dag.py
[2026-02-27T13:17:41.848+0000] {logging_mixin.py:190} INFO - [2026-02-27T13:17:41.848+0000] {dag.py:3239} INFO - Sync 1 DAGs
[2026-02-27T13:17:41.871+0000] {logging_mixin.py:190} INFO - [2026-02-27T13:17:41.871+0000] {dag.py:4180} INFO - Setting next_dagrun for lakehouse_daily_pipeline to 2026-02-26 00:00:00+00:00, run_after=2026-02-27 00:00:00+00:00
[2026-02-27T13:17:41.891+0000] {processor.py:208} INFO - Processing /opt/airflow/dags/lakehouse_dag.py took 0.101 seconds
[2026-02-27T13:18:11.929+0000] {processor.py:186} INFO - Started process (PID=571) to work on /opt/airflow/dags/lakehouse_dag.py
[2026-02-27T13:18:11.930+0000] {processor.py:914} INFO - Processing file /opt/airflow/dags/lakehouse_dag.py for tasks to queue
[2026-02-27T13:18:11.933+0000] {logging_mixin.py:190} INFO - [2026-02-27T13:18:11.933+0000] {dagbag.py:588} INFO - Filling up the DagBag from /opt/airflow/dags/lakehouse_dag.py
[2026-02-27T13:18:11.951+0000] {processor.py:925} INFO - DAG(s) 'lakehouse_daily_pipeline' retrieved from /opt/airflow/dags/lakehouse_dag.py
[2026-02-27T13:18:11.980+0000] {logging_mixin.py:190} INFO - [2026-02-27T13:18:11.980+0000] {dag.py:3239} INFO - Sync 1 DAGs
[2026-02-27T13:18:12.010+0000] {logging_mixin.py:190} INFO - [2026-02-27T13:18:12.010+0000] {dag.py:4180} INFO - Setting next_dagrun for lakehouse_daily_pipeline to 2026-02-26 00:00:00+00:00, run_after=2026-02-27 00:00:00+00:00
[2026-02-27T13:18:12.032+0000] {processor.py:208} INFO - Processing /opt/airflow/dags/lakehouse_dag.py took 0.111 seconds
[2026-02-27T13:18:42.118+0000] {processor.py:186} INFO - Started process (PID=576) to work on /opt/airflow/dags/lakehouse_dag.py
[2026-02-27T13:18:42.120+0000] {processor.py:914} INFO - Processing file /opt/airflow/dags/lakehouse_dag.py for tasks to queue
[2026-02-27T13:18:42.123+0000] {logging_mixin.py:190} INFO - [2026-02-27T13:18:42.122+0000] {dagbag.py:588} INFO - Filling up the DagBag from /opt/airflow/dags/lakehouse_dag.py
[2026-02-27T13:18:42.147+0000] {processor.py:925} INFO - DAG(s) 'lakehouse_daily_pipeline' retrieved from /opt/airflow/dags/lakehouse_dag.py
[2026-02-27T13:18:42.176+0000] {logging_mixin.py:190} INFO - [2026-02-27T13:18:42.176+0000] {dag.py:3239} INFO - Sync 1 DAGs
[2026-02-27T13:18:42.203+0000] {logging_mixin.py:190} INFO - [2026-02-27T13:18:42.203+0000] {dag.py:4180} INFO - Setting next_dagrun for lakehouse_daily_pipeline to 2026-02-26 00:00:00+00:00, run_after=2026-02-27 00:00:00+00:00
[2026-02-27T13:18:42.231+0000] {processor.py:208} INFO - Processing /opt/airflow/dags/lakehouse_dag.py took 0.121 seconds
[2026-02-27T13:19:12.311+0000] {processor.py:186} INFO - Started process (PID=581) to work on /opt/airflow/dags/lakehouse_dag.py
[2026-02-27T13:19:12.312+0000] {processor.py:914} INFO - Processing file /opt/airflow/dags/lakehouse_dag.py for tasks to queue
[2026-02-27T13:19:12.315+0000] {logging_mixin.py:190} INFO - [2026-02-27T13:19:12.314+0000] {dagbag.py:588} INFO - Filling up the DagBag from /opt/airflow/dags/lakehouse_dag.py
[2026-02-27T13:19:12.332+0000] {processor.py:925} INFO - DAG(s) 'lakehouse_daily_pipeline' retrieved from /opt/airflow/dags/lakehouse_dag.py
[2026-02-27T13:19:12.356+0000] {logging_mixin.py:190} INFO - [2026-02-27T13:19:12.356+0000] {dag.py:3239} INFO - Sync 1 DAGs
[2026-02-27T13:19:12.385+0000] {logging_mixin.py:190} INFO - [2026-02-27T13:19:12.385+0000] {dag.py:4180} INFO - Setting next_dagrun for lakehouse_daily_pipeline to 2026-02-26 00:00:00+00:00, run_after=2026-02-27 00:00:00+00:00
[2026-02-27T13:19:12.406+0000] {processor.py:208} INFO - Processing /opt/airflow/dags/lakehouse_dag.py took 0.102 seconds
[2026-02-27T13:19:42.508+0000] {processor.py:186} INFO - Started process (PID=586) to work on /opt/airflow/dags/lakehouse_dag.py
[2026-02-27T13:19:42.509+0000] {processor.py:914} INFO - Processing file /opt/airflow/dags/lakehouse_dag.py for tasks to queue
[2026-02-27T13:19:42.513+0000] {logging_mixin.py:190} INFO - [2026-02-27T13:19:42.512+0000] {dagbag.py:588} INFO - Filling up the DagBag from /opt/airflow/dags/lakehouse_dag.py
[2026-02-27T13:19:42.537+0000] {processor.py:925} INFO - DAG(s) 'lakehouse_daily_pipeline' retrieved from /opt/airflow/dags/lakehouse_dag.py
[2026-02-27T13:19:42.566+0000] {logging_mixin.py:190} INFO - [2026-02-27T13:19:42.566+0000] {dag.py:3239} INFO - Sync 1 DAGs
[2026-02-27T13:19:42.594+0000] {logging_mixin.py:190} INFO - [2026-02-27T13:19:42.594+0000] {dag.py:4180} INFO - Setting next_dagrun for lakehouse_daily_pipeline to 2026-02-26 00:00:00+00:00, run_after=2026-02-27 00:00:00+00:00
[2026-02-27T13:19:42.615+0000] {processor.py:208} INFO - Processing /opt/airflow/dags/lakehouse_dag.py took 0.114 seconds
[2026-02-27T13:20:12.727+0000] {processor.py:186} INFO - Started process (PID=591) to work on /opt/airflow/dags/lakehouse_dag.py
[2026-02-27T13:20:12.728+0000] {processor.py:914} INFO - Processing file /opt/airflow/dags/lakehouse_dag.py for tasks to queue
[2026-02-27T13:20:12.731+0000] {logging_mixin.py:190} INFO - [2026-02-27T13:20:12.731+0000] {dagbag.py:588} INFO - Filling up the DagBag from /opt/airflow/dags/lakehouse_dag.py
[2026-02-27T13:20:12.749+0000] {processor.py:925} INFO - DAG(s) 'lakehouse_daily_pipeline' retrieved from /opt/airflow/dags/lakehouse_dag.py
[2026-02-27T13:20:12.778+0000] {logging_mixin.py:190} INFO - [2026-02-27T13:20:12.777+0000] {dag.py:3239} INFO - Sync 1 DAGs
[2026-02-27T13:20:12.806+0000] {logging_mixin.py:190} INFO - [2026-02-27T13:20:12.806+0000] {dag.py:4180} INFO - Setting next_dagrun for lakehouse_daily_pipeline to 2026-02-26 00:00:00+00:00, run_after=2026-02-27 00:00:00+00:00
[2026-02-27T13:20:12.828+0000] {processor.py:208} INFO - Processing /opt/airflow/dags/lakehouse_dag.py took 0.108 seconds
[2026-02-27T13:20:42.911+0000] {processor.py:186} INFO - Started process (PID=596) to work on /opt/airflow/dags/lakehouse_dag.py
[2026-02-27T13:20:42.912+0000] {processor.py:914} INFO - Processing file /opt/airflow/dags/lakehouse_dag.py for tasks to queue
[2026-02-27T13:20:42.916+0000] {logging_mixin.py:190} INFO - [2026-02-27T13:20:42.915+0000] {dagbag.py:588} INFO - Filling up the DagBag from /opt/airflow/dags/lakehouse_dag.py
[2026-02-27T13:20:42.934+0000] {processor.py:925} INFO - DAG(s) 'lakehouse_daily_pipeline' retrieved from /opt/airflow/dags/lakehouse_dag.py
[2026-02-27T13:20:42.961+0000] {logging_mixin.py:190} INFO - [2026-02-27T13:20:42.960+0000] {dag.py:3239} INFO - Sync 1 DAGs
[2026-02-27T13:20:42.985+0000] {logging_mixin.py:190} INFO - [2026-02-27T13:20:42.985+0000] {dag.py:4180} INFO - Setting next_dagrun for lakehouse_daily_pipeline to 2026-02-26 00:00:00+00:00, run_after=2026-02-27 00:00:00+00:00
[2026-02-27T13:20:43.006+0000] {processor.py:208} INFO - Processing /opt/airflow/dags/lakehouse_dag.py took 0.102 seconds
[2026-02-27T13:21:13.103+0000] {processor.py:186} INFO - Started process (PID=601) to work on /opt/airflow/dags/lakehouse_dag.py
[2026-02-27T13:21:13.105+0000] {processor.py:914} INFO - Processing file /opt/airflow/dags/lakehouse_dag.py for tasks to queue
[2026-02-27T13:21:13.109+0000] {logging_mixin.py:190} INFO - [2026-02-27T13:21:13.108+0000] {dagbag.py:588} INFO - Filling up the DagBag from /opt/airflow/dags/lakehouse_dag.py
[2026-02-27T13:21:13.138+0000] {processor.py:925} INFO - DAG(s) 'lakehouse_daily_pipeline' retrieved from /opt/airflow/dags/lakehouse_dag.py
[2026-02-27T13:21:13.178+0000] {logging_mixin.py:190} INFO - [2026-02-27T13:21:13.178+0000] {dag.py:3239} INFO - Sync 1 DAGs
[2026-02-27T13:21:13.211+0000] {logging_mixin.py:190} INFO - [2026-02-27T13:21:13.211+0000] {dag.py:4180} INFO - Setting next_dagrun for lakehouse_daily_pipeline to 2026-02-26 00:00:00+00:00, run_after=2026-02-27 00:00:00+00:00
[2026-02-27T13:21:13.237+0000] {processor.py:208} INFO - Processing /opt/airflow/dags/lakehouse_dag.py took 0.143 seconds
[2026-02-27T13:21:43.335+0000] {processor.py:186} INFO - Started process (PID=606) to work on /opt/airflow/dags/lakehouse_dag.py
[2026-02-27T13:21:43.337+0000] {processor.py:914} INFO - Processing file /opt/airflow/dags/lakehouse_dag.py for tasks to queue
[2026-02-27T13:21:43.340+0000] {logging_mixin.py:190} INFO - [2026-02-27T13:21:43.340+0000] {dagbag.py:588} INFO - Filling up the DagBag from /opt/airflow/dags/lakehouse_dag.py
[2026-02-27T13:21:43.361+0000] {processor.py:925} INFO - DAG(s) 'lakehouse_daily_pipeline' retrieved from /opt/airflow/dags/lakehouse_dag.py
[2026-02-27T13:21:43.394+0000] {logging_mixin.py:190} INFO - [2026-02-27T13:21:43.394+0000] {dag.py:3239} INFO - Sync 1 DAGs
[2026-02-27T13:21:43.421+0000] {logging_mixin.py:190} INFO - [2026-02-27T13:21:43.421+0000] {dag.py:4180} INFO - Setting next_dagrun for lakehouse_daily_pipeline to 2026-02-26 00:00:00+00:00, run_after=2026-02-27 00:00:00+00:00
[2026-02-27T13:21:43.450+0000] {processor.py:208} INFO - Processing /opt/airflow/dags/lakehouse_dag.py took 0.122 seconds
[2026-02-27T13:22:13.571+0000] {processor.py:186} INFO - Started process (PID=611) to work on /opt/airflow/dags/lakehouse_dag.py
[2026-02-27T13:22:13.572+0000] {processor.py:914} INFO - Processing file /opt/airflow/dags/lakehouse_dag.py for tasks to queue
[2026-02-27T13:22:13.576+0000] {logging_mixin.py:190} INFO - [2026-02-27T13:22:13.576+0000] {dagbag.py:588} INFO - Filling up the DagBag from /opt/airflow/dags/lakehouse_dag.py
[2026-02-27T13:22:13.602+0000] {processor.py:925} INFO - DAG(s) 'lakehouse_daily_pipeline' retrieved from /opt/airflow/dags/lakehouse_dag.py
[2026-02-27T13:22:13.636+0000] {logging_mixin.py:190} INFO - [2026-02-27T13:22:13.636+0000] {dag.py:3239} INFO - Sync 1 DAGs
[2026-02-27T13:22:13.665+0000] {logging_mixin.py:190} INFO - [2026-02-27T13:22:13.665+0000] {dag.py:4180} INFO - Setting next_dagrun for lakehouse_daily_pipeline to 2026-02-26 00:00:00+00:00, run_after=2026-02-27 00:00:00+00:00
[2026-02-27T13:22:13.694+0000] {processor.py:208} INFO - Processing /opt/airflow/dags/lakehouse_dag.py took 0.131 seconds
[2026-02-27T13:22:43.781+0000] {processor.py:186} INFO - Started process (PID=616) to work on /opt/airflow/dags/lakehouse_dag.py
[2026-02-27T13:22:43.782+0000] {processor.py:914} INFO - Processing file /opt/airflow/dags/lakehouse_dag.py for tasks to queue
[2026-02-27T13:22:43.785+0000] {logging_mixin.py:190} INFO - [2026-02-27T13:22:43.785+0000] {dagbag.py:588} INFO - Filling up the DagBag from /opt/airflow/dags/lakehouse_dag.py
[2026-02-27T13:22:43.806+0000] {processor.py:925} INFO - DAG(s) 'lakehouse_daily_pipeline' retrieved from /opt/airflow/dags/lakehouse_dag.py
[2026-02-27T13:22:43.834+0000] {logging_mixin.py:190} INFO - [2026-02-27T13:22:43.834+0000] {dag.py:3239} INFO - Sync 1 DAGs
[2026-02-27T13:22:43.861+0000] {logging_mixin.py:190} INFO - [2026-02-27T13:22:43.860+0000] {dag.py:4180} INFO - Setting next_dagrun for lakehouse_daily_pipeline to 2026-02-26 00:00:00+00:00, run_after=2026-02-27 00:00:00+00:00
[2026-02-27T13:22:43.881+0000] {processor.py:208} INFO - Processing /opt/airflow/dags/lakehouse_dag.py took 0.110 seconds
[2026-02-27T13:23:13.973+0000] {processor.py:186} INFO - Started process (PID=621) to work on /opt/airflow/dags/lakehouse_dag.py
[2026-02-27T13:23:13.975+0000] {processor.py:914} INFO - Processing file /opt/airflow/dags/lakehouse_dag.py for tasks to queue
[2026-02-27T13:23:13.978+0000] {logging_mixin.py:190} INFO - [2026-02-27T13:23:13.978+0000] {dagbag.py:588} INFO - Filling up the DagBag from /opt/airflow/dags/lakehouse_dag.py
[2026-02-27T13:23:14.000+0000] {processor.py:925} INFO - DAG(s) 'lakehouse_daily_pipeline' retrieved from /opt/airflow/dags/lakehouse_dag.py
[2026-02-27T13:23:14.032+0000] {logging_mixin.py:190} INFO - [2026-02-27T13:23:14.032+0000] {dag.py:3239} INFO - Sync 1 DAGs
[2026-02-27T13:23:14.063+0000] {logging_mixin.py:190} INFO - [2026-02-27T13:23:14.063+0000] {dag.py:4180} INFO - Setting next_dagrun for lakehouse_daily_pipeline to 2026-02-26 00:00:00+00:00, run_after=2026-02-27 00:00:00+00:00
[2026-02-27T13:23:14.088+0000] {processor.py:208} INFO - Processing /opt/airflow/dags/lakehouse_dag.py took 0.124 seconds
[2026-02-27T13:23:44.181+0000] {processor.py:186} INFO - Started process (PID=626) to work on /opt/airflow/dags/lakehouse_dag.py
[2026-02-27T13:23:44.182+0000] {processor.py:914} INFO - Processing file /opt/airflow/dags/lakehouse_dag.py for tasks to queue
[2026-02-27T13:23:44.185+0000] {logging_mixin.py:190} INFO - [2026-02-27T13:23:44.185+0000] {dagbag.py:588} INFO - Filling up the DagBag from /opt/airflow/dags/lakehouse_dag.py
[2026-02-27T13:23:44.204+0000] {processor.py:925} INFO - DAG(s) 'lakehouse_daily_pipeline' retrieved from /opt/airflow/dags/lakehouse_dag.py
[2026-02-27T13:23:44.235+0000] {logging_mixin.py:190} INFO - [2026-02-27T13:23:44.235+0000] {dag.py:3239} INFO - Sync 1 DAGs
[2026-02-27T13:23:44.259+0000] {logging_mixin.py:190} INFO - [2026-02-27T13:23:44.259+0000] {dag.py:4180} INFO - Setting next_dagrun for lakehouse_daily_pipeline to 2026-02-26 00:00:00+00:00, run_after=2026-02-27 00:00:00+00:00
[2026-02-27T13:23:44.290+0000] {processor.py:208} INFO - Processing /opt/airflow/dags/lakehouse_dag.py took 0.116 seconds
[2026-02-27T13:24:14.395+0000] {processor.py:186} INFO - Started process (PID=631) to work on /opt/airflow/dags/lakehouse_dag.py
[2026-02-27T13:24:14.396+0000] {processor.py:914} INFO - Processing file /opt/airflow/dags/lakehouse_dag.py for tasks to queue
[2026-02-27T13:24:14.399+0000] {logging_mixin.py:190} INFO - [2026-02-27T13:24:14.399+0000] {dagbag.py:588} INFO - Filling up the DagBag from /opt/airflow/dags/lakehouse_dag.py
[2026-02-27T13:24:14.417+0000] {processor.py:925} INFO - DAG(s) 'lakehouse_daily_pipeline' retrieved from /opt/airflow/dags/lakehouse_dag.py
[2026-02-27T13:24:14.447+0000] {logging_mixin.py:190} INFO - [2026-02-27T13:24:14.447+0000] {dag.py:3239} INFO - Sync 1 DAGs
[2026-02-27T13:24:14.475+0000] {logging_mixin.py:190} INFO - [2026-02-27T13:24:14.475+0000] {dag.py:4180} INFO - Setting next_dagrun for lakehouse_daily_pipeline to 2026-02-26 00:00:00+00:00, run_after=2026-02-27 00:00:00+00:00
[2026-02-27T13:24:14.501+0000] {processor.py:208} INFO - Processing /opt/airflow/dags/lakehouse_dag.py took 0.115 seconds
[2026-02-27T13:24:44.573+0000] {processor.py:186} INFO - Started process (PID=636) to work on /opt/airflow/dags/lakehouse_dag.py
[2026-02-27T13:24:44.576+0000] {processor.py:914} INFO - Processing file /opt/airflow/dags/lakehouse_dag.py for tasks to queue
[2026-02-27T13:24:44.579+0000] {logging_mixin.py:190} INFO - [2026-02-27T13:24:44.579+0000] {dagbag.py:588} INFO - Filling up the DagBag from /opt/airflow/dags/lakehouse_dag.py
[2026-02-27T13:24:44.601+0000] {processor.py:925} INFO - DAG(s) 'lakehouse_daily_pipeline' retrieved from /opt/airflow/dags/lakehouse_dag.py
[2026-02-27T13:24:44.635+0000] {logging_mixin.py:190} INFO - [2026-02-27T13:24:44.635+0000] {dag.py:3239} INFO - Sync 1 DAGs
[2026-02-27T13:24:44.660+0000] {logging_mixin.py:190} INFO - [2026-02-27T13:24:44.660+0000] {dag.py:4180} INFO - Setting next_dagrun for lakehouse_daily_pipeline to 2026-02-26 00:00:00+00:00, run_after=2026-02-27 00:00:00+00:00
[2026-02-27T13:24:44.683+0000] {processor.py:208} INFO - Processing /opt/airflow/dags/lakehouse_dag.py took 0.124 seconds
[2026-02-27T13:25:14.833+0000] {processor.py:186} INFO - Started process (PID=641) to work on /opt/airflow/dags/lakehouse_dag.py
[2026-02-27T13:25:14.836+0000] {processor.py:914} INFO - Processing file /opt/airflow/dags/lakehouse_dag.py for tasks to queue
[2026-02-27T13:25:14.842+0000] {logging_mixin.py:190} INFO - [2026-02-27T13:25:14.841+0000] {dagbag.py:588} INFO - Filling up the DagBag from /opt/airflow/dags/lakehouse_dag.py
[2026-02-27T13:25:14.891+0000] {processor.py:925} INFO - DAG(s) 'lakehouse_daily_pipeline' retrieved from /opt/airflow/dags/lakehouse_dag.py
[2026-02-27T13:25:14.944+0000] {logging_mixin.py:190} INFO - [2026-02-27T13:25:14.943+0000] {dag.py:3239} INFO - Sync 1 DAGs
[2026-02-27T13:25:14.997+0000] {logging_mixin.py:190} INFO - [2026-02-27T13:25:14.996+0000] {dag.py:4180} INFO - Setting next_dagrun for lakehouse_daily_pipeline to 2026-02-26 00:00:00+00:00, run_after=2026-02-27 00:00:00+00:00
[2026-02-27T13:25:15.025+0000] {processor.py:208} INFO - Processing /opt/airflow/dags/lakehouse_dag.py took 0.202 seconds
[2026-02-27T13:25:45.198+0000] {processor.py:186} INFO - Started process (PID=646) to work on /opt/airflow/dags/lakehouse_dag.py
[2026-02-27T13:25:45.199+0000] {processor.py:914} INFO - Processing file /opt/airflow/dags/lakehouse_dag.py for tasks to queue
[2026-02-27T13:25:45.202+0000] {logging_mixin.py:190} INFO - [2026-02-27T13:25:45.202+0000] {dagbag.py:588} INFO - Filling up the DagBag from /opt/airflow/dags/lakehouse_dag.py
[2026-02-27T13:25:45.218+0000] {processor.py:925} INFO - DAG(s) 'lakehouse_daily_pipeline' retrieved from /opt/airflow/dags/lakehouse_dag.py
[2026-02-27T13:25:45.245+0000] {logging_mixin.py:190} INFO - [2026-02-27T13:25:45.244+0000] {dag.py:3239} INFO - Sync 1 DAGs
[2026-02-27T13:25:45.268+0000] {logging_mixin.py:190} INFO - [2026-02-27T13:25:45.268+0000] {dag.py:4180} INFO - Setting next_dagrun for lakehouse_daily_pipeline to 2026-02-26 00:00:00+00:00, run_after=2026-02-27 00:00:00+00:00
[2026-02-27T13:25:45.288+0000] {processor.py:208} INFO - Processing /opt/airflow/dags/lakehouse_dag.py took 0.095 seconds
[2026-02-27T13:26:15.338+0000] {processor.py:186} INFO - Started process (PID=651) to work on /opt/airflow/dags/lakehouse_dag.py
[2026-02-27T13:26:15.339+0000] {processor.py:914} INFO - Processing file /opt/airflow/dags/lakehouse_dag.py for tasks to queue
[2026-02-27T13:26:15.343+0000] {logging_mixin.py:190} INFO - [2026-02-27T13:26:15.342+0000] {dagbag.py:588} INFO - Filling up the DagBag from /opt/airflow/dags/lakehouse_dag.py
[2026-02-27T13:26:15.364+0000] {processor.py:925} INFO - DAG(s) 'lakehouse_daily_pipeline' retrieved from /opt/airflow/dags/lakehouse_dag.py
[2026-02-27T13:26:15.391+0000] {logging_mixin.py:190} INFO - [2026-02-27T13:26:15.391+0000] {dag.py:3239} INFO - Sync 1 DAGs
[2026-02-27T13:26:15.416+0000] {logging_mixin.py:190} INFO - [2026-02-27T13:26:15.416+0000] {dag.py:4180} INFO - Setting next_dagrun for lakehouse_daily_pipeline to 2026-02-26 00:00:00+00:00, run_after=2026-02-27 00:00:00+00:00
[2026-02-27T13:26:15.440+0000] {processor.py:208} INFO - Processing /opt/airflow/dags/lakehouse_dag.py took 0.109 seconds
[2026-02-27T13:26:45.548+0000] {processor.py:186} INFO - Started process (PID=656) to work on /opt/airflow/dags/lakehouse_dag.py
[2026-02-27T13:26:45.549+0000] {processor.py:914} INFO - Processing file /opt/airflow/dags/lakehouse_dag.py for tasks to queue
[2026-02-27T13:26:45.552+0000] {logging_mixin.py:190} INFO - [2026-02-27T13:26:45.551+0000] {dagbag.py:588} INFO - Filling up the DagBag from /opt/airflow/dags/lakehouse_dag.py
[2026-02-27T13:26:45.570+0000] {processor.py:925} INFO - DAG(s) 'lakehouse_daily_pipeline' retrieved from /opt/airflow/dags/lakehouse_dag.py
[2026-02-27T13:26:45.594+0000] {logging_mixin.py:190} INFO - [2026-02-27T13:26:45.594+0000] {dag.py:3239} INFO - Sync 1 DAGs
[2026-02-27T13:26:45.616+0000] {logging_mixin.py:190} INFO - [2026-02-27T13:26:45.616+0000] {dag.py:4180} INFO - Setting next_dagrun for lakehouse_daily_pipeline to 2026-02-26 00:00:00+00:00, run_after=2026-02-27 00:00:00+00:00
[2026-02-27T13:26:45.640+0000] {processor.py:208} INFO - Processing /opt/airflow/dags/lakehouse_dag.py took 0.099 seconds
